23:44:04| 0 cars have been created. = 2.45445250
23:44:04| Factories      : 1
23:44:04| Dealerships    : 1
23:44:04| Run Time       : 2.4545
23:44:04| Max queue size : 217
23:44:04| Factory Stats  : Made = 0 @ [216]
23:44:04| Dealer Stats   : Sold = 216 @ [0]
23:44:04| 
23:44:06| 0 cars have been created. = 2.39106300
23:44:06| Factories      : 1
23:44:06| Dealerships    : 2
23:44:06| Run Time       : 2.3911
23:44:06| Max queue size : 202
23:44:06| Factory Stats  : Made = 0 @ [200]
23:44:06| Dealer Stats   : Sold = 200 @ [0, 0]
23:44:06| 
23:44:09| 0 cars have been created. = 3.17663280
23:44:09| Factories      : 2
23:44:09| Dealerships    : 1
23:44:09| Run Time       : 3.1766
23:44:09| Max queue size : 500
23:44:09| Factory Stats  : Made = 0 @ [283, 216]
23:44:09| Dealer Stats   : Sold = 499 @ [0]
23:44:09| 
23:44:12| 0 cars have been created. = 3.09072800
23:44:12| Factories      : 2
23:44:12| Dealerships    : 2
23:44:12| Run Time       : 3.0907
23:44:12| Max queue size : 567
23:44:12| Factory Stats  : Made = 0 @ [300, 265]
23:44:12| Dealer Stats   : Sold = 565 @ [0, 0]
23:44:12| 
23:44:15| 0 cars have been created. = 2.51529650
23:44:15| Factories      : 2
23:44:15| Dealerships    : 5
23:44:15| Run Time       : 2.5153
23:44:15| Max queue size : 432
23:44:15| Factory Stats  : Made = 0 @ [203, 224]
23:44:15| Dealer Stats   : Sold = 427 @ [0, 0, 0, 0, 0]
23:44:15| 
23:44:18| 0 cars have been created. = 3.10936450
23:44:18| Factories      : 5
23:44:18| Dealerships    : 2
23:44:18| Run Time       : 3.1094
23:44:18| Max queue size : 1198
23:44:18| Factory Stats  : Made = 0 @ [223, 239, 247, 224, 263]
23:44:18| Dealer Stats   : Sold = 1196 @ [0, 0]
23:44:18| 
23:44:21| 0 cars have been created. = 3.34417100
23:44:21| Factories      : 10
23:44:21| Dealerships    : 10
23:44:21| Run Time       : 3.3442
23:44:21| Max queue size : 2457
23:44:21| Factory Stats  : Made = 0 @ [248, 281, 218, 200, 277, 282, 234, 208, 277, 222]
23:44:21| Dealer Stats   : Sold = 2447 @ [0, 0, 0, 0, 0, 0, 0, 0, 0, 0]
23:44:21| 
