17:44:27| 0 cars have been created. = 0.00000210
17:44:27| Factories      : 1
17:44:27| Dealerships    : 1
17:44:27| Run Time       : 0.0000
17:44:27| Max queue size : 0
17:44:27| Factory Stats  : Made = 0 @ []
17:44:27| Dealer Stats   : Sold = 0 @ [0]
17:44:27| 
17:44:27| 0 cars have been created. = 0.00000270
17:44:27| Factories      : 1
17:44:27| Dealerships    : 2
17:44:27| Run Time       : 0.0000
17:44:27| Max queue size : 0
17:44:27| Factory Stats  : Made = 0 @ []
17:44:27| Dealer Stats   : Sold = 0 @ [0, 0]
17:44:27| 
17:44:27| 0 cars have been created. = 0.00000260
17:44:27| Factories      : 2
17:44:27| Dealerships    : 1
17:44:27| Run Time       : 0.0000
17:44:27| Max queue size : 0
17:44:27| Factory Stats  : Made = 0 @ []
17:44:27| Dealer Stats   : Sold = 0 @ [0]
17:44:27| 
17:44:27| 0 cars have been created. = 0.00004930
17:44:27| Factories      : 2
17:44:27| Dealerships    : 2
17:44:27| Run Time       : 0.0000
17:44:27| Max queue size : 0
17:44:27| Factory Stats  : Made = 0 @ []
17:44:27| Dealer Stats   : Sold = 0 @ [0, 0]
17:44:27| 
17:44:27| 0 cars have been created. = 0.00000230
17:44:27| Factories      : 2
17:44:27| Dealerships    : 5
17:44:27| Run Time       : 0.0000
17:44:27| Max queue size : 0
17:44:27| Factory Stats  : Made = 0 @ []
17:44:27| Dealer Stats   : Sold = 0 @ [0, 0, 0, 0, 0]
17:44:27| 
17:44:27| 0 cars have been created. = 0.00000210
17:44:27| Factories      : 5
17:44:27| Dealerships    : 2
17:44:27| Run Time       : 0.0000
17:44:27| Max queue size : 0
17:44:27| Factory Stats  : Made = 0 @ []
17:44:27| Dealer Stats   : Sold = 0 @ [0, 0]
17:44:27| 
17:44:27| 0 cars have been created. = 0.00000130
17:44:27| Factories      : 10
17:44:27| Dealerships    : 10
17:44:27| Run Time       : 0.0000
17:44:27| Max queue size : 0
17:44:27| Factory Stats  : Made = 0 @ []
17:44:27| Dealer Stats   : Sold = 0 @ [0, 0, 0, 0, 0, 0, 0, 0, 0, 0]
17:44:27| 
