23:42:56| 0 cars have been created. = 2.90012080
23:42:56| Factories      : 1
23:42:56| Dealerships    : 1
23:42:56| Run Time       : 2.9001
23:42:56| Max queue size : 239
23:42:56| Factory Stats  : Made = 0 @ [238]
23:42:56| Dealer Stats   : Sold = 238 @ [0]
23:42:56| 
23:43:00| 0 cars have been created. = 3.29042240
23:43:00| Factories      : 1
23:43:00| Dealerships    : 2
23:43:00| Run Time       : 3.2904
23:43:00| Max queue size : 287
23:43:00| Factory Stats  : Made = 0 @ [285]
23:43:00| Dealer Stats   : Sold = 285 @ [0, 0]
23:43:00| 
23:43:02| 0 cars have been created. = 2.58812590
23:43:02| Factories      : 2
23:43:02| Dealerships    : 1
23:43:02| Run Time       : 2.5881
23:43:02| Max queue size : 443
23:43:02| Factory Stats  : Made = 0 @ [233, 209]
23:43:02| Dealer Stats   : Sold = 442 @ [0]
23:43:02| 
23:43:05| 0 cars have been created. = 2.67678370
23:43:05| Factories      : 2
23:43:05| Dealerships    : 2
23:43:05| Run Time       : 2.6768
23:43:05| Max queue size : 444
23:43:05| Factory Stats  : Made = 0 @ [236, 206]
23:43:05| Dealer Stats   : Sold = 442 @ [0, 0]
23:43:05| 
23:43:08| 0 cars have been created. = 3.20733990
23:43:08| Factories      : 2
23:43:08| Dealerships    : 5
23:43:08| Run Time       : 3.2073
23:43:08| Max queue size : 502
23:43:08| Factory Stats  : Made = 0 @ [285, 212]
23:43:08| Dealer Stats   : Sold = 497 @ [0, 0, 0, 0, 0]
23:43:08| 
23:43:12| 0 cars have been created. = 3.48326020
23:43:12| Factories      : 5
23:43:12| Dealerships    : 2
23:43:12| Run Time       : 3.4833
23:43:12| Max queue size : 1265
23:43:12| Factory Stats  : Made = 0 @ [248, 289, 217, 220, 289]
23:43:12| Dealer Stats   : Sold = 1263 @ [0, 0]
23:43:12| 
23:43:15| 0 cars have been created. = 3.36389750
23:43:15| Factories      : 10
23:43:15| Dealerships    : 10
23:43:15| Run Time       : 3.3639
23:43:15| Max queue size : 2364
23:43:15| Factory Stats  : Made = 0 @ [216, 236, 290, 206, 258, 236, 246, 218, 225, 223]
23:43:15| Dealer Stats   : Sold = 2354 @ [0, 0, 0, 0, 0, 0, 0, 0, 0, 0]
23:43:15| 
