23:59:14| 0 cars have been created. = 2.71410290
23:59:14| Factories      : 1
23:59:14| Dealerships    : 1
23:59:14| Run Time       : 2.7141
23:59:14| Max queue size : 243
23:59:14| Factory Stats  : Made = 0 @ [242]
23:59:14| Dealer Stats   : Sold = 242 @ [0]
23:59:14| 
23:59:17| 0 cars have been created. = 2.99907290
23:59:17| Factories      : 1
23:59:17| Dealerships    : 2
23:59:17| Run Time       : 2.9991
23:59:17| Max queue size : 270
23:59:17| Factory Stats  : Made = 0 @ [268]
23:59:17| Dealer Stats   : Sold = 268 @ [0, 0]
23:59:17| 
23:59:19| 0 cars have been created. = 2.42263670
23:59:19| Factories      : 2
23:59:19| Dealerships    : 1
23:59:19| Run Time       : 2.4226
23:59:19| Max queue size : 419
23:59:19| Factory Stats  : Made = 0 @ [201, 217]
23:59:19| Dealer Stats   : Sold = 418 @ [0]
23:59:19| 
23:59:22| 0 cars have been created. = 2.74596360
23:59:22| Factories      : 2
23:59:22| Dealerships    : 2
23:59:22| Run Time       : 2.7460
23:59:22| Max queue size : 488
23:59:22| Factory Stats  : Made = 0 @ [238, 248]
23:59:22| Dealer Stats   : Sold = 486 @ [0, 0]
23:59:22| 
23:59:26| 0 cars have been created. = 3.62298420
23:59:26| Factories      : 2
23:59:26| Dealerships    : 5
23:59:26| Run Time       : 3.6230
23:59:26| Max queue size : 552
23:59:26| Factory Stats  : Made = 0 @ [298, 249]
23:59:26| Dealer Stats   : Sold = 547 @ [0, 0, 0, 0, 0]
23:59:26| 
23:59:29| 0 cars have been created. = 3.28685560
23:59:29| Factories      : 5
23:59:29| Dealerships    : 2
23:59:29| Run Time       : 3.2869
23:59:29| Max queue size : 1167
23:59:29| Factory Stats  : Made = 0 @ [293, 231, 207, 221, 213]
23:59:29| Dealer Stats   : Sold = 1165 @ [0, 0]
23:59:29| 
23:59:32| 0 cars have been created. = 3.42320180
23:59:32| Factories      : 10
23:59:32| Dealerships    : 10
23:59:32| Run Time       : 3.4232
23:59:32| Max queue size : 2487
23:59:32| Factory Stats  : Made = 0 @ [231, 257, 296, 251, 266, 220, 232, 223, 296, 205]
23:59:32| Dealer Stats   : Sold = 2477 @ [0, 0, 0, 0, 0, 0, 0, 0, 0, 0]
23:59:32| 
