13:45:04| Marble count     = 1000
13:45:04| Marble delay     = 0.01
13:45:04| Marbles in a bag = 7
13:45:04| Bagger delay     = 0.05
13:45:04| Assembler delay  = 0.05
13:45:04| Wrapper delay    = 0.05
13:45:04| Create the processes
13:45:04| Starting the processes
13:45:04| Waiting for processes to finish
13:45:52| Contents of boxes.txt
13:45:52| Created - 13:45:06: Large marble: 5-Star, marbles: Dark Fuchsia, Neon Pink, Blue Bell, Maximum Violet, Mint Green, Indigo, Slate Blue
13:45:52| Created - 13:45:07: Large marble: Sure Shot, marbles: Pastel Blue, Rose Quartz, Bistre Brown, Antique Brass, Golden Yellow, Mint Cream, Light Orange
13:45:52| Created - 13:45:07: Large marble: Sure Shot, marbles: Safety Yellow, Eerie Black, Arylide Yellow, Royal Blue, Platinum, Spanish Pink, Isabelline
13:45:52| Created - 13:45:08: Large marble: Hercules, marbles: Vegas Gold, Pastel Blue, Bistre Brown, Russian Violet, Lavender Purple, Liver Chestnut, Orange Soda
13:45:52| Created - 13:45:08: Large marble: Spinner, marbles: Orange Soda, Tuscan Brown, Dark Fuchsia, Lilac Luster, Lavender Purple, Purple, Russian Green
13:45:52| Created - 13:45:08: Large marble: Zeus, marbles: Eerie Black, Pale Taupe, Emerald, Eerie Black, Liver Chestnut, Rose Dust, Bistre Brown
13:45:52| Created - 13:45:09: Large marble: Big Joe, marbles: Maximum Violet, Mango Tango, Shandy, Auburn, Venetian Red, Vegas Gold, Lilac Luster
13:45:52| Created - 13:45:09: Large marble: Spinner, marbles: Pastel Blue, Terra Cotta, Ivory, Mode Beige, Mint Green, Lilac Luster, La Salle Green
13:45:52| Created - 13:45:09: Large marble: Zeus, marbles: Mimi Pink, Middle Green Yellow, Pastel Blue, Middle Green, Rose Dust, Cobalt Blue, Antique Brass
13:45:52| Created - 13:45:10: Large marble: Hercules, marbles: Lilac Luster, Isabelline, Tuscan Brown, Mode Beige, Lavender Blue, Light Orange, Pale Goldenrod
13:45:52| Created - 13:45:10: Large marble: Spinner, marbles: Mango Tango, Mimi Pink, Indigo, Pale Taupe, Brown, Pale Taupe, Golden Yellow
13:45:52| Created - 13:45:10: Large marble: Spinner, marbles: Platinum, Purple, Spanish Orange, Dark Moss Green, Vegas Gold, Spanish Orange, Light Orchid
13:45:52| Created - 13:45:11: Large marble: Winner, marbles: Lavender Blue, Safety Yellow, Maximum Purple, Blue Bell, Chinese Red, Venetian Red, Bistre Brown
13:45:52| Created - 13:45:11: Large marble: Apollo, marbles: Blue Bell, Golden Yellow, Light Orchid, Safety Yellow, Lilac Luster, Candy Pink, Mode Beige
13:45:52| Created - 13:45:12: Large marble: Apollo, marbles: Black Coral, Platinum, Antique Brass, Slate Blue, Sage, Indigo, Emerald
13:45:52| Created - 13:45:12: Large marble: Sure Shot, marbles: Purple, Cotton Candy, Green, Maximum Violet, Orange Soda, Silver Chalice, Silver Pink
13:45:52| Created - 13:45:12: Large marble: Apollo, marbles: Candy Pink, Chinese Red, Dark Moss Green, Sage, Stop Red, Russian Green, Light Orchid
13:45:52| Created - 13:45:13: Large marble: Winner, marbles: Tuscan Brown, Brink Pink, Silver Pink, Black Coral, Cotton Candy, Mode Beige, Spanish Orange
13:45:52| Created - 13:45:13: Large marble: Apollo, marbles: Ivory, Pale Goldenrod, Pale Plum, Terra Cotta, Antique Brass, Icterine, Green
13:45:52| Created - 13:45:13: Large marble: Apollo, marbles: Spanish Carmine, Neon Pink, Brown, Spanish Pink, Spanish Pink, Liver Chestnut, Shandy
13:45:52| Created - 13:45:14: Large marble: Sure Shot, marbles: Middle Red Purple, Purple, Maximum Violet, Orange Soda, Gold, Brown, Slate Blue
13:45:52| Created - 13:45:14: Large marble: Hercules, marbles: Lavender Purple, Dark Fuchsia, Fiery Rose, Russian Green, Orange Soda, Light Orange, Lavender Blue
13:45:52| Created - 13:45:15: Large marble: 5-Star, marbles: Pale Taupe, Royal Red, Light Orange, Dark Fuchsia, Vegas Gold, Russian Green, Pastel Blue
13:45:52| Created - 13:45:15: Large marble: Spinner, marbles: Orange Soda, Royal Orange, Mimi Pink, Lavender Blue, Fiery Rose, Blue-Green, Spanish Carmine
13:45:52| Created - 13:45:16: Large marble: Sure Shot, marbles: Maximum Purple, Duke Blue, Sage, Mint Green, Granny Smith Apple, Bistre Brown, Pastel Gray
13:45:52| Created - 13:45:16: Large marble: Apollo, marbles: Bistre Brown, Platinum, Green, Liver Chestnut, Blue Bell, Chinese Red, Outrageous Orange
13:45:52| Created - 13:45:17: Large marble: Spinner, marbles: Mango Tango, Sheen Green, Pale Goldenrod, Duke Blue, Icterine, Candy Pink, Blue
13:45:52| Created - 13:45:17: Large marble: Winner, marbles: Pale Plum, White Smoke, Pale Cerulean, Royal Red, Terra Cotta, Terra Cotta, Lavender Blue
13:45:52| Created - 13:45:17: Large marble: Spinner, marbles: Pale Taupe, Russian Violet, Green, Chinese Red, Neon Silver, Gold, Silver Pink
13:45:52| Created - 13:45:18: Large marble: Hercules, marbles: Almond, Chinese Red, Rose Quartz, Bistre Brown, Terra Cotta, Orange Peel, Neon Pink
13:45:52| Created - 13:45:18: Large marble: Hercules, marbles: Pale Goldenrod, Russian Violet, La Salle Green, Orange Soda, Lilac Luster, Terra Cotta, Lilac Luster
13:45:52| Created - 13:45:18: Large marble: Apollo, marbles: Beaver, Neon Pink, White Smoke, Silver Chalice, Brown, Blue Bell, Pastel Blue
13:45:52| Created - 13:45:19: Large marble: Lucky, marbles: Gold, Silver Chalice, Black Coral, Arylide Yellow, Pastel Gray, Antique Bronze, Beaver
13:45:52| Created - 13:45:19: Large marble: Hercules, marbles: La Salle Green, Candy Pink, Ivory, Neon Pink, Silver Chalice, Pale Cerulean, Venetian Red
13:45:52| Created - 13:45:20: Large marble: Big Joe, marbles: Mulberry, Middle Red Purple, Pastel Gray, Middle Red Purple, Maximum Blue, Mulberry, Auburn
13:45:52| Created - 13:45:20: Large marble: Lucky, marbles: Antique Brass, White Smoke, Rose Dust, Lemon Lime, Isabelline, Neon Silver, Russian Violet
13:45:52| Created - 13:45:20: Large marble: Sure Shot, marbles: Beaver, Emerald, Royal Orange, Indigo, Orange Peel, Indigo, Purple
13:45:52| Created - 13:45:21: Large marble: Apollo, marbles: Chinese Red, Emerald, Maximum Violet, Orange Soda, Auburn, Antique Bronze, Pastel Gray
13:45:52| Created - 13:45:21: Large marble: Big Joe, marbles: Auburn, Pale Plum, White Smoke, Indigo, Royal Red, Liver Chestnut, Slate Blue
13:45:52| Created - 13:45:22: Large marble: Winner, marbles: Duke Blue, Isabelline, Maximum Blue, Platinum, Mint Green, Antique Brass, Neon Pink
13:45:52| Created - 13:45:22: Large marble: Lucky, marbles: Light Orange, Middle Green Yellow, Fiery Rose, Brink Pink, Icterine, Middle Red Purple, Slate Blue
13:45:52| Created - 13:45:22: Large marble: 5-Star, marbles: Outrageous Orange, Stop Red, Spanish Orange, Lilac Luster, Sheen Green, Almond, La Salle Green
13:45:52| Created - 13:45:23: Large marble: Hercules, marbles: Honeydew, Spanish Pink, Sheen Green, Tuscan Brown, Royal Orange, Middle Green, Mint Green
13:45:52| Created - 13:45:23: Large marble: Winner, marbles: Outrageous Orange, Middle Red Purple, White Smoke, Outrageous Orange, Mode Beige, Mode Beige, Mode Beige
13:45:52| Created - 13:45:23: Large marble: Winner, marbles: Blue-Green, Green, Honeydew, Blue Bell, Arylide Yellow, Green, Blue Bell
13:45:52| Created - 13:45:24: Large marble: Winner, marbles: Lumber, Emerald, Rose Quartz, Maximum Violet, Ivory, Mint Green, Middle Green
13:45:52| Created - 13:45:24: Large marble: 5-Star, marbles: Dark Moss Green, Shandy, Shandy, Sage, Bistre Brown, Beaver, Emerald
13:45:52| Created - 13:45:24: Large marble: Hercules, marbles: Middle Green, Antique Bronze, Mint Green, Zomp, Almond, Ivory, Rose Quartz
13:45:52| Created - 13:45:25: Large marble: Spinner, marbles: Neon Dark Green, Purple Plum, Vegas Gold, Maximum Blue, Granny Smith Apple, Pale Goldenrod, Arylide Yellow
13:45:52| Created - 13:45:25: Large marble: Zeus, marbles: Golden Yellow, Maximum Blue, Safety Yellow, Maximum Violet, Orange Soda, Rose Dust, Middle Green
13:45:52| Created - 13:45:26: Large marble: Apollo, marbles: Golden Yellow, Lemon Lime, Lavender Purple, Outrageous Orange, Light Orange, Safety Yellow, Mint Cream
13:45:52| Created - 13:45:26: Large marble: Apollo, marbles: Spanish Pink, Gold, Fiery Rose, Mode Beige, Brown, Platinum, Neon Pink
13:45:52| Created - 13:45:26: Large marble: 5-Star, marbles: Silver Chalice, Safety Yellow, Safety Yellow, Thulian Pink, Neon Dark Green, Liver Chestnut, Beaver
13:45:52| Created - 13:45:27: Large marble: Sure Shot, marbles: Spanish Carmine, Neon Pink, Lilac Luster, Pale Cerulean, Granny Smith Apple, Bistre Brown, Indigo
13:45:52| Created - 13:45:27: Large marble: 5-Star, marbles: Mint Green, Silver Chalice, Safety Yellow, Mango Tango, Lavender Blue, Tuscan Brown, Neon Pink
13:45:52| Created - 13:45:27: Large marble: Sure Shot, marbles: Mint Cream, Pale Goldenrod, Platinum, Maximum Violet, Auburn, Almond, Middle Red Purple
13:45:52| Created - 13:45:28: Large marble: Big Joe, marbles: Golden Yellow, Middle Green Yellow, Outrageous Orange, Antique Brass, Venetian Red, Pale Goldenrod, Purple
13:45:52| Created - 13:45:28: Large marble: Lucky, marbles: Pale Plum, Indigo, Lemon Lime, Light Orchid, Lemon Lime, Rose Dust, Sheen Green
13:45:52| Created - 13:45:28: Large marble: Hercules, marbles: Blue-Green, Russian Green, Stop Red, Pale Cerulean, Maximum Violet, Pastel Blue, Cotton Candy
13:45:52| Created - 13:45:29: Large marble: Big Joe, marbles: Stop Red, Venetian Red, Orange Soda, Purple, Pale Cerulean, Sage, Royal Red
13:45:52| Created - 13:45:29: Large marble: Lucky, marbles: Mulberry, Blue-Green, Lavender Blue, Ivory, Brink Pink, Pale Taupe, Brown
13:45:52| Created - 13:45:29: Large marble: Apollo, marbles: Spanish Carmine, Neon Dark Green, Mimi Pink, Middle Green Yellow, Dark Moss Green, Middle Red Purple, Golden Yellow
13:45:52| Created - 13:45:30: Large marble: Lucky, marbles: Light Orchid, Mode Beige, Royal Orange, Orange Soda, Honeydew, Cotton Candy, Royal Blue
13:45:52| Created - 13:45:30: Large marble: Lucky, marbles: Gold, Auburn, Honeydew, Duke Blue, Mode Beige, Platinum, Blue-Green
13:45:52| Created - 13:45:31: Large marble: Spinner, marbles: Indigo, Isabelline, Purple, Purple Plum, Bistre Brown, Mint Green, Mode Beige
13:45:52| Created - 13:45:31: Large marble: Zeus, marbles: Rose Quartz, Rose Quartz, Almond, Neon Pink, Mimi Pink, Purple, Spanish Orange
13:45:52| Created - 13:45:31: Large marble: Sure Shot, marbles: Emerald, Mint Cream, White Smoke, Russian Green, Terra Cotta, Gold, Lilac Luster
13:45:52| Created - 13:45:32: Large marble: 5-Star, marbles: Isabelline, Rose Quartz, Pastel Gray, Rose Dust, Mode Beige, Dark Fuchsia, Spanish Pink
13:45:52| Created - 13:45:32: Large marble: Winner, marbles: Platinum, Orange Peel, Fiery Rose, Sage, Thulian Pink, Mode Beige, Shandy
13:45:52| Created - 13:45:32: Large marble: Lucky, marbles: Maximum Violet, Stop Red, Honeydew, Orange Soda, Sheen Green, Liver Chestnut, Duke Blue
13:45:52| Created - 13:45:33: Large marble: Big Joe, marbles: Icterine, Pastel Blue, Sheen Green, Pale Taupe, Silver Pink, Isabelline, Platinum
13:45:52| Created - 13:45:33: Large marble: Big Joe, marbles: Mint Cream, Duke Blue, Icterine, Terra Cotta, Auburn, Sheen Green, Mimi Pink
13:45:52| Created - 13:45:33: Large marble: Sure Shot, marbles: Maximum Purple, Gold, White Smoke, Gold, Platinum, Lemon Lime, Orange Soda
13:45:52| Created - 13:45:34: Large marble: Zeus, marbles: Dark Moss Green, Dark Moss Green, Eerie Black, Pastel Blue, Mode Beige, Isabelline, Green
13:45:52| Created - 13:45:34: Large marble: Sure Shot, marbles: Candy Pink, Rose Quartz, Candy Pink, Orange Peel, Brink Pink, Dark Moss Green, Vegas Gold
13:45:52| Created - 13:45:34: Large marble: Lucky, marbles: Blue, Spanish Carmine, Mint Green, Gold, Cobalt Blue, Spanish Carmine, Beaver
13:45:52| Created - 13:45:35: Large marble: Winner, marbles: Mode Beige, Bistre Brown, Indigo, Lilac Luster, Bistre Brown, Mode Beige, Bistre Brown
13:45:52| Created - 13:45:35: Large marble: Apollo, marbles: Silver Chalice, Orange Soda, Sheen Green, Brown, Brown, Liver Chestnut, Granny Smith Apple
13:45:52| Created - 13:45:36: Large marble: Hercules, marbles: Spanish Orange, Orange Soda, Orange Peel, Honeydew, Slate Blue, Purple, Sage
13:45:52| Created - 13:45:36: Large marble: 5-Star, marbles: Royal Orange, Spanish Orange, Mint Green, Blue Bell, Indigo, Emerald, Terra Cotta
13:45:52| Created - 13:45:36: Large marble: Spinner, marbles: Shandy, Dark Moss Green, Antique Bronze, Middle Green, Middle Green Yellow, Orange Soda, Venetian Red
13:45:52| Created - 13:45:37: Large marble: 5-Star, marbles: Silver Pink, Ruby, Maximum Violet, Purple Plum, Auburn, Orange Peel, Tuscan Brown
13:45:52| Created - 13:45:37: Large marble: Apollo, marbles: Maximum Blue, Blue-Green, Antique Brass, Gold, Tuscan Brown, Sage, Maximum Blue
13:45:52| Created - 13:45:37: Large marble: Spinner, marbles: Ruby, Indigo, Bistre Brown, Spanish Orange, Silver Chalice, Almond, Antique Brass
13:45:52| Created - 13:45:38: Large marble: Zeus, marbles: Icterine, Mode Beige, Platinum, Lemon Lime, Bistre Brown, Silver Pink, Light Orange
13:45:52| Created - 13:45:38: Large marble: Hercules, marbles: Zomp, Sage, Cobalt Blue, Slate Blue, Antique Brass, Antique Bronze, Stop Red
13:45:52| Created - 13:45:38: Large marble: Apollo, marbles: Spanish Pink, Royal Orange, Silver Chalice, Neon Dark Green, Blue, Indigo, Blue Bell
13:45:52| Created - 13:45:39: Large marble: 5-Star, marbles: Cotton Candy, Liver Chestnut, Sheen Green, Pastel Blue, Maximum Blue, Beaver, Duke Blue
13:45:52| Created - 13:45:39: Large marble: Apollo, marbles: Chinese Red, Silver Chalice, Honeydew, Venetian Red, Silver Pink, Cobalt Blue, Antique Brass
13:45:52| Created - 13:45:39: Large marble: Sure Shot, marbles: Maximum Purple, Mode Beige, Bistre Brown, Golden Yellow, La Salle Green, Gold, Neon Dark Green
13:45:52| Created - 13:45:40: Large marble: Hercules, marbles: Mint Cream, Stop Red, Vegas Gold, Pastel Gray, Royal Orange, Sage, Auburn
13:45:52| Created - 13:45:40: Large marble: Lucky, marbles: Almond, Granny Smith Apple, Orange Soda, Stop Red, Spanish Orange, Royal Blue, Tuscan Brown
13:45:52| Created - 13:45:40: Large marble: Sure Shot, marbles: Dark Fuchsia, Mulberry, Bistre Brown, Light Orchid, Candy Pink, Eerie Black, Royal Red
13:45:52| Created - 13:45:41: Large marble: Hercules, marbles: Russian Violet, Fiery Rose, Lavender Purple, Bistre Brown, Lilac Luster, Indigo, Safety Yellow
13:45:52| Created - 13:45:41: Large marble: Spinner, marbles: Orange Soda, Lavender Purple, Gold, Mango Tango, Blue Bell, Orange Soda, Slate Blue
13:45:52| Created - 13:45:42: Large marble: Spinner, marbles: Pastel Gray, Lavender Blue, Sage, Lumber, Rose Quartz, Mango Tango, Neon Dark Green
13:45:52| Created - 13:45:42: Large marble: Winner, marbles: Eerie Black, Gold, Blue Bell, Eerie Black, Brink Pink, Safety Yellow, Vegas Gold
13:45:52| Created - 13:45:42: Large marble: Winner, marbles: Brink Pink, Blue, Lilac Luster, Dark Moss Green, Granny Smith Apple, Orange Soda, Golden Yellow
13:45:52| Created - 13:45:43: Large marble: Hercules, marbles: Brown, Mint Green, Bistre Brown, Venetian Red, Spanish Pink, Auburn, Maximum Blue
13:45:52| Created - 13:45:43: Large marble: Big Joe, marbles: Auburn, Terra Cotta, Lemon Lime, La Salle Green, Thulian Pink, Safety Yellow, Lilac Luster
13:45:52| Created - 13:45:43: Large marble: Lucky, marbles: Isabelline, Bistre Brown, Maximum Blue, Maximum Violet, Mulberry, Pale Plum, White Smoke
13:45:52| Created - 13:45:44: Large marble: Lucky, marbles: Bistre Brown, Emerald, Middle Green, Orange Soda, Dark Fuchsia, Emerald, Purple Plum
13:45:52| Created - 13:45:44: Large marble: Big Joe, marbles: Silver Pink, Dark Fuchsia, Pale Taupe, Spanish Carmine, Maximum Violet, Lavender Purple, Brink Pink
13:45:52| Created - 13:45:44: Large marble: 5-Star, marbles: Pale Goldenrod, Pale Taupe, Terra Cotta, Arylide Yellow, Terra Cotta, Ivory, Russian Violet
13:45:52| Created - 13:45:45: Large marble: Sure Shot, marbles: Pale Plum, Orange Soda, Rose Quartz, Antique Brass, Terra Cotta, Russian Green, Lavender Purple
13:45:52| Created - 13:45:45: Large marble: Winner, marbles: Blue-Green, Brown, Light Orange, Rose Dust, Spanish Orange, Russian Violet, Russian Green
13:45:52| Created - 13:45:45: Large marble: Winner, marbles: Candy Pink, Mint Green, Thulian Pink, Pale Plum, Russian Violet, Venetian Red, Eerie Black
13:45:52| Created - 13:45:46: Large marble: Winner, marbles: Icterine, Rose Dust, Russian Violet, Mint Green, Duke Blue, Almond, Tuscan Brown
13:45:52| Created - 13:45:46: Large marble: Hercules, marbles: Blue, Blue-Green, Eerie Black, Russian Violet, Stop Red, Orange Soda, Zomp
13:45:52| Created - 13:45:46: Large marble: Sure Shot, marbles: Thulian Pink, Gold, Spanish Orange, Emerald, Mint Cream, Spanish Carmine, Mint Green
13:45:52| Created - 13:45:47: Large marble: Lucky, marbles: Green, Spanish Carmine, Spanish Orange, Russian Green, Thulian Pink, Rose Quartz, Rose Dust
13:45:52| Created - 13:45:47: Large marble: Apollo, marbles: Venetian Red, Light Orange, Slate Blue, Outrageous Orange, Zomp, Mint Cream, Eerie Black
13:45:52| Created - 13:45:48: Large marble: Apollo, marbles: Venetian Red, Royal Red, Sheen Green, Golden Yellow, Slate Blue, Middle Green Yellow, Eerie Black
13:45:52| Created - 13:45:48: Large marble: Lucky, marbles: Stop Red, Spanish Pink, Ivory, Honeydew, Granny Smith Apple, Eerie Black, Rose Dust
13:45:52| Created - 13:45:48: Large marble: Winner, marbles: Beaver, Light Orchid, Zomp, Isabelline, Golden Yellow, White Smoke, Candy Pink
13:45:52| Created - 13:45:49: Large marble: Apollo, marbles: Purple Plum, Pale Taupe, Middle Green Yellow, Middle Red Purple, Mint Cream, Silver Pink, Lavender Blue
13:45:52| Created - 13:45:49: Large marble: Sure Shot, marbles: Royal Blue, Lavender Blue, Lavender Purple, Royal Orange, Mimi Pink, Emerald, Mint Green
13:45:52| Created - 13:45:49: Large marble: Apollo, marbles: Beaver, Brown, Safety Yellow, Platinum, Dark Fuchsia, Light Orange, Lemon Lime
13:45:52| Created - 13:45:50: Large marble: 5-Star, marbles: Pale Taupe, Cobalt Blue, Golden Yellow, Gold, Indigo, Ruby, Rose Dust
13:45:52| Created - 13:45:50: Large marble: Sure Shot, marbles: Pastel Blue, Sage, Mimi Pink, Neon Pink, Russian Violet, Lemon Lime, Beaver
13:45:52| Created - 13:45:50: Large marble: Sure Shot, marbles: Blue Bell, Platinum, Light Orange, Sage, Mint Green, Middle Green Yellow, Silver Pink
13:45:52| Created - 13:45:51: Large marble: Apollo, marbles: Orange Soda, Dark Fuchsia, Black Coral, Slate Blue, Purple Plum, Mango Tango, White Smoke
13:45:52| Created - 13:45:51: Large marble: Zeus, marbles: Granny Smith Apple, Mint Cream, Silver Chalice, Royal Red, Eerie Black, Russian Green, Blue-Green
13:45:52| Created - 13:45:51: Large marble: Sure Shot, marbles: Royal Orange, Neon Dark Green, Chinese Red, Black Coral, Light Orchid, Lavender Purple, Pastel Blue
13:45:52| Created - 13:45:52: Large marble: Hercules, marbles: Granny Smith Apple, Gold, Mint Cream, Russian Green, White Smoke, Emerald, Platinum
13:45:52| Total Gifts Created: 125
13:45:52| Total time = 48.11454420
