13:33:42| Marble count     = 1000
13:33:42| Marble delay     = 0.01
13:33:42| Marbles in a bag = 7
13:33:42| Bagger delay     = 0.05
13:33:42| Assembler delay  = 0.05
13:33:42| Wrapper delay    = 0.05
13:33:42| Create the processes
13:33:42| Starting the processes
13:33:42| Waiting for processes to finish
13:34:28| Contents of boxes.txt
13:34:28| Large marble: Lucky, marbles: Venetian Red, Pale Taupe, Gold, Isabelline, Rose Quartz, Blue, Indigo
13:34:28| Large marble: Zeus, marbles: Brink Pink, Lemon Lime, Outrageous Orange, Royal Red, Purple Plum, Middle Green Yellow, Lemon Lime
13:34:28| Large marble: Zeus, marbles: Antique Bronze, Vegas Gold, Middle Green Yellow, Silver Pink, Spanish Pink, Slate Blue, Mimi Pink
13:34:28| Large marble: Apollo, marbles: Granny Smith Apple, Russian Green, Gold, La Salle Green, Mulberry, Sage, Slate Blue
13:34:28| Large marble: Hercules, marbles: Brown, La Salle Green, Lavender Purple, Ivory, Vegas Gold, Lemon Lime, Lilac Luster
13:34:28| Large marble: Apollo, marbles: Eerie Black, Royal Red, Safety Yellow, White Smoke, Platinum, Silver Pink, Mint Cream
13:34:28| Large marble: Spinner, marbles: Bistre Brown, Mode Beige, Brown, Icterine, Blue Bell, Auburn, Shandy
13:34:28| Large marble: Hercules, marbles: Golden Yellow, Rose Dust, Outrageous Orange, Brown, Pale Cerulean, Duke Blue, Mint Cream
13:34:28| Large marble: Winner, marbles: Mango Tango, Icterine, Pale Plum, Safety Yellow, Silver Chalice, Green, Neon Dark Green
13:34:28| Large marble: Hercules, marbles: Green, La Salle Green, Stop Red, Blue-Green, Sheen Green, Purple, Auburn
13:34:28| Large marble: Sure Shot, marbles: Pastel Blue, Lilac Luster, Terra Cotta, Gold, Royal Orange, Pale Goldenrod, Spanish Carmine
13:34:28| Large marble: Zeus, marbles: Beaver, Maximum Blue, Pale Goldenrod, Maximum Violet, Mode Beige, Spanish Orange, Ivory
13:34:28| Large marble: Sure Shot, marbles: Pale Cerulean, Zomp, Pale Cerulean, Royal Orange, Stop Red, Antique Bronze, Royal Red
13:34:28| Large marble: Apollo, marbles: Royal Blue, La Salle Green, Middle Green, Pastel Gray, Antique Brass, Mimi Pink, Vegas Gold
13:34:28| Large marble: Big Joe, marbles: Brink Pink, Fiery Rose, Purple, Arylide Yellow, Rose Quartz, Brown, Spanish Orange
13:34:28| Large marble: 5-Star, marbles: Lilac Luster, White Smoke, Spanish Pink, Safety Yellow, Blue Bell, Chinese Red, Mango Tango
13:34:28| Large marble: Big Joe, marbles: Stop Red, Terra Cotta, Slate Blue, Zomp, Light Orange, Orange Soda, Orange Soda
13:34:28| Large marble: Winner, marbles: Blue Bell, Maximum Purple, Auburn, Spanish Orange, Cobalt Blue, Auburn, Russian Violet
13:34:28| Large marble: Big Joe, marbles: Pastel Blue, Brown, Dark Fuchsia, Cotton Candy, Zomp, Orange Soda, Lavender Purple
13:34:28| Large marble: Spinner, marbles: Middle Red Purple, Liver Chestnut, Terra Cotta, Bistre Brown, Royal Orange, Russian Green, Mint Cream
13:34:28| Large marble: Hercules, marbles: Spanish Carmine, Dark Fuchsia, Blue-Green, Spanish Pink, Shandy, Tuscan Brown, Golden Yellow
13:34:28| Large marble: Zeus, marbles: Zomp, Honeydew, Ivory, Mulberry, Isabelline, Pale Goldenrod, Blue-Green
13:34:28| Large marble: Sure Shot, marbles: Gold, Pastel Gray, Ruby, Pastel Gray, Almond, Sage, Zomp
13:34:28| Large marble: Hercules, marbles: Silver Chalice, Purple, Ivory, Mint Cream, Spanish Carmine, Venetian Red, Liver Chestnut
13:34:28| Large marble: Sure Shot, marbles: Light Orange, Gold, Purple, Rose Dust, Maximum Violet, La Salle Green, Ivory
13:34:28| Large marble: Sure Shot, marbles: Spanish Pink, Middle Green, Terra Cotta, Sage, Green, Gold, Thulian Pink
13:34:28| Large marble: Winner, marbles: Pastel Blue, Bistre Brown, Candy Pink, Middle Green Yellow, Middle Green Yellow, Sage, Emerald
13:34:28| Large marble: Zeus, marbles: Rose Quartz, Granny Smith Apple, Russian Green, Beaver, Almond, Icterine, Arylide Yellow
13:34:28| Large marble: Sure Shot, marbles: Granny Smith Apple, Tuscan Brown, Honeydew, Brink Pink, Lemon Lime, Blue, Ruby
13:34:28| Large marble: Sure Shot, marbles: Orange Soda, Slate Blue, Rose Dust, Beaver, Middle Red Purple, Spanish Orange, Black Coral
13:34:28| Large marble: Winner, marbles: Candy Pink, Candy Pink, Outrageous Orange, Slate Blue, Stop Red, Neon Pink, Antique Brass
13:34:28| Large marble: Big Joe, marbles: Gold, Mimi Pink, Purple, Russian Violet, Lemon Lime, Blue Bell, Bistre Brown
13:34:28| Large marble: Lucky, marbles: Safety Yellow, Middle Green Yellow, Dark Moss Green, Fiery Rose, Liver Chestnut, Orange Peel, Maximum Blue
13:34:28| Large marble: Zeus, marbles: Beaver, Neon Pink, Blue, Maximum Violet, Pale Cerulean, Middle Green Yellow, Honeydew
13:34:28| Large marble: Apollo, marbles: Pastel Blue, Fiery Rose, Middle Green Yellow, Safety Yellow, Light Orange, Silver Pink, Orange Soda
13:34:28| Large marble: Spinner, marbles: Pastel Blue, Platinum, Bistre Brown, Russian Violet, Stop Red, Light Orchid, Pastel Gray
13:34:28| Large marble: Lucky, marbles: Royal Red, Blue Bell, Spanish Pink, Rose Dust, Ruby, Sage, Thulian Pink
13:34:28| Large marble: Winner, marbles: Ruby, Stop Red, Ruby, Sage, Russian Violet, Fiery Rose, Slate Blue
13:34:28| Large marble: 5-Star, marbles: Terra Cotta, Emerald, Russian Green, Lilac Luster, Liver Chestnut, Mimi Pink, Spanish Carmine
13:34:28| Large marble: Winner, marbles: Black Coral, Antique Brass, Blue Bell, Granny Smith Apple, Spanish Orange, Brown, Mimi Pink
13:34:28| Large marble: 5-Star, marbles: Lumber, Chinese Red, Neon Pink, Ruby, Beaver, Almond, Neon Dark Green
13:34:28| Large marble: Hercules, marbles: Arylide Yellow, Lavender Purple, Thulian Pink, Silver Pink, Pale Goldenrod, Slate Blue, Duke Blue
13:34:28| Large marble: Sure Shot, marbles: Sheen Green, Gold, Terra Cotta, Golden Yellow, Spanish Pink, Purple, Antique Brass
13:34:28| Large marble: Hercules, marbles: Middle Green Yellow, Light Orchid, Spanish Orange, Isabelline, Almond, Outrageous Orange, Antique Brass
13:34:28| Large marble: Spinner, marbles: Almond, Pale Goldenrod, Silver Pink, Royal Blue, Lumber, Silver Pink, Auburn
13:34:28| Large marble: Winner, marbles: Brink Pink, Middle Green Yellow, Honeydew, Lumber, Royal Blue, Ivory, Emerald
13:34:28| Large marble: Spinner, marbles: Isabelline, Ivory, Orange Peel, Lemon Lime, Dark Fuchsia, Silver Pink, Gold
13:34:28| Large marble: Apollo, marbles: Thulian Pink, Light Orange, Antique Bronze, Venetian Red, Cobalt Blue, Shandy, Arylide Yellow
13:34:28| Large marble: Big Joe, marbles: Lemon Lime, Pale Goldenrod, Royal Blue, Brown, Thulian Pink, Mimi Pink, Dark Fuchsia
13:34:28| Large marble: Spinner, marbles: Silver Chalice, Granny Smith Apple, Royal Orange, Black Coral, Pale Plum, Tuscan Brown, Zomp
13:34:28| Large marble: 5-Star, marbles: Outrageous Orange, Tuscan Brown, Slate Blue, Maximum Violet, Green, Dark Fuchsia, Chinese Red
13:34:28| Large marble: Zeus, marbles: Light Orchid, Royal Orange, Black Coral, Dark Moss Green, Chinese Red, Spanish Pink, Ruby
13:34:28| Large marble: Zeus, marbles: Middle Green, Ivory, Venetian Red, Cotton Candy, Liver Chestnut, Gold, Middle Red Purple
13:34:28| Large marble: Spinner, marbles: Silver Pink, Pale Plum, Neon Silver, Lemon Lime, Arylide Yellow, Almond, Safety Yellow
13:34:28| Large marble: Spinner, marbles: Thulian Pink, Candy Pink, Pale Taupe, Royal Red, Spanish Carmine, Maximum Purple, Middle Green Yellow
13:34:28| Large marble: Winner, marbles: Platinum, Chinese Red, Thulian Pink, Emerald, Bistre Brown, Mode Beige, Lilac Luster
13:34:28| Large marble: Zeus, marbles: Vegas Gold, Isabelline, Dark Moss Green, Almond, Royal Blue, Honeydew, Russian Violet
13:34:28| Large marble: Sure Shot, marbles: Outrageous Orange, Middle Red Purple, Duke Blue, Purple Plum, Pale Plum, Liver Chestnut, Granny Smith Apple
13:34:28| Large marble: Spinner, marbles: Ruby, Lavender Purple, Fiery Rose, Cotton Candy, Neon Silver, Brown, Blue
13:34:28| Large marble: Spinner, marbles: Ivory, Brink Pink, Brown, Mimi Pink, Cotton Candy, Middle Red Purple, Light Orange
13:34:28| Large marble: Zeus, marbles: Pale Goldenrod, Purple Plum, Lilac Luster, Outrageous Orange, Lilac Luster, Purple Plum, Emerald
13:34:28| Large marble: Hercules, marbles: Pale Cerulean, Mulberry, Bistre Brown, Mimi Pink, Neon Pink, Sage, Zomp
13:34:28| Large marble: Hercules, marbles: Brown, Vegas Gold, Maximum Purple, Royal Orange, Antique Bronze, Liver Chestnut, Neon Silver
13:34:28| Large marble: Big Joe, marbles: Brink Pink, Orange Soda, White Smoke, Tuscan Brown, Orange Soda, Silver Chalice, White Smoke
13:34:28| Large marble: Hercules, marbles: Antique Bronze, Pale Plum, Zomp, Silver Pink, Chinese Red, Duke Blue, Thulian Pink
13:34:28| Large marble: Apollo, marbles: Orange Peel, Light Orange, Lavender Blue, Golden Yellow, Fiery Rose, Thulian Pink, Bistre Brown
13:34:28| Large marble: Hercules, marbles: Lavender Purple, Vegas Gold, Blue Bell, Pale Goldenrod, Sage, Mango Tango, Fiery Rose
13:34:28| Large marble: Hercules, marbles: Lavender Blue, Platinum, Golden Yellow, Eerie Black, Maximum Blue, Blue Bell, Pastel Blue
13:34:28| Large marble: Sure Shot, marbles: Pale Goldenrod, Dark Fuchsia, Orange Peel, Maximum Violet, Chinese Red, Middle Green Yellow, Indigo
13:34:28| Large marble: Big Joe, marbles: Duke Blue, Blue, Antique Brass, Orange Soda, Spanish Carmine, Rose Dust, Gold
13:34:28| Large marble: Winner, marbles: Granny Smith Apple, Slate Blue, Purple Plum, Mimi Pink, Blue Bell, Middle Green Yellow, Honeydew
13:34:28| Large marble: Zeus, marbles: Indigo, Honeydew, Cotton Candy, Lilac Luster, Lemon Lime, Middle Green, Russian Violet
13:34:28| Large marble: Winner, marbles: Black Coral, Venetian Red, Orange Soda, Middle Green Yellow, Royal Blue, Fiery Rose, Pale Plum
13:34:28| Large marble: Zeus, marbles: Emerald, Orange Soda, Rose Dust, Rose Dust, Silver Pink, Purple, Eerie Black
13:34:28| Large marble: Zeus, marbles: Orange Soda, White Smoke, Pastel Gray, Slate Blue, Gold, Pastel Gray, Ivory
13:34:28| Large marble: Spinner, marbles: Golden Yellow, Orange Soda, Green, Royal Orange, Eerie Black, Green, Purple Plum
13:34:28| Large marble: Spinner, marbles: Sheen Green, Granny Smith Apple, Cotton Candy, Pale Cerulean, Blue, Orange Soda, Brown
13:34:28| Large marble: Hercules, marbles: Ruby, Antique Brass, Mint Green, Pastel Gray, Pale Taupe, Lilac Luster, Lavender Purple
13:34:28| Large marble: Hercules, marbles: Orange Peel, Blue, Pastel Gray, Light Orange, Auburn, Spanish Orange, Purple
13:34:28| Large marble: Zeus, marbles: Shandy, Gold, Stop Red, Almond, Pale Goldenrod, Dark Fuchsia, Dark Fuchsia
13:34:28| Large marble: Zeus, marbles: Beaver, Light Orchid, Light Orange, Brown, Russian Green, Russian Violet, Safety Yellow
13:34:28| Large marble: 5-Star, marbles: Orange Soda, Maximum Blue, Pale Goldenrod, Blue-Green, Blue, Gold, Platinum
13:34:28| Large marble: Big Joe, marbles: Silver Pink, Pale Taupe, Pale Cerulean, Terra Cotta, Blue Bell, Granny Smith Apple, Slate Blue
13:34:28| Large marble: Hercules, marbles: Venetian Red, Mimi Pink, Silver Pink, Lavender Purple, Lemon Lime, Blue Bell, Orange Soda
13:34:28| Large marble: 5-Star, marbles: Candy Pink, Antique Brass, Gold, Mint Cream, Lumber, Antique Bronze, Sage
13:34:28| Large marble: Spinner, marbles: Emerald, Spanish Orange, Slate Blue, Lavender Blue, Gold, Maximum Violet, Ivory
13:34:28| Large marble: Zeus, marbles: Stop Red, Spanish Carmine, Tuscan Brown, Royal Red, Dark Moss Green, Golden Yellow, Purple Plum
13:34:28| Large marble: Spinner, marbles: Sage, Ruby, Chinese Red, Eerie Black, Mimi Pink, White Smoke, La Salle Green
13:34:28| Large marble: Zeus, marbles: Platinum, Cotton Candy, Spanish Orange, Neon Pink, Blue Bell, Royal Red, Fiery Rose
13:34:28| Large marble: Hercules, marbles: Vegas Gold, Neon Dark Green, Mint Green, Outrageous Orange, Black Coral, Bistre Brown, Icterine
13:34:28| Large marble: Apollo, marbles: Venetian Red, Sage, Pale Plum, Pale Cerulean, Cobalt Blue, Orange Soda, Icterine
13:34:28| Large marble: Winner, marbles: Orange Peel, Antique Bronze, Bistre Brown, Zomp, Pastel Blue, Light Orchid, Maximum Violet
13:34:28| Large marble: Hercules, marbles: Indigo, Terra Cotta, Neon Silver, Tuscan Brown, Pale Goldenrod, Mango Tango, Mode Beige
13:34:28| Large marble: Lucky, marbles: Neon Silver, Blue, Candy Pink, Russian Green, Honeydew, Ruby, Light Orchid
13:34:28| Large marble: 5-Star, marbles: Bistre Brown, Stop Red, Granny Smith Apple, Candy Pink, Neon Silver, Indigo, Gold
13:34:28| Large marble: Hercules, marbles: Tuscan Brown, White Smoke, Thulian Pink, Neon Pink, Maximum Purple, Orange Soda, Blue-Green
13:34:28| Large marble: 5-Star, marbles: Chinese Red, Icterine, Blue, Beaver, Blue Bell, Duke Blue, Stop Red
13:34:28| Large marble: Apollo, marbles: Auburn, Gold, Isabelline, La Salle Green, Ruby, Mimi Pink, Ruby
13:34:28| Large marble: 5-Star, marbles: Silver Pink, Granny Smith Apple, Mint Green, Spanish Pink, Spanish Orange, Mint Cream, Isabelline
13:34:28| Large marble: Zeus, marbles: Bistre Brown, Arylide Yellow, Indigo, Neon Silver, Blue Bell, Emerald, Cobalt Blue
13:34:28| Large marble: Winner, marbles: Thulian Pink, Pale Cerulean, Fiery Rose, Icterine, Neon Silver, Fiery Rose, Ivory
13:34:28| Large marble: Hercules, marbles: Lavender Purple, Spanish Pink, Antique Brass, Blue-Green, Ivory, Auburn, Platinum
13:34:28| Large marble: Sure Shot, marbles: Shandy, Blue, Middle Green Yellow, Auburn, Mint Cream, Rose Quartz, Slate Blue
13:34:28| Large marble: Sure Shot, marbles: Purple, Middle Green, Russian Violet, Liver Chestnut, Spanish Pink, Orange Soda, Middle Red Purple
13:34:28| Large marble: Winner, marbles: Russian Violet, Chinese Red, Neon Dark Green, Orange Soda, Blue, Lavender Purple, Neon Dark Green
13:34:28| Large marble: Spinner, marbles: Orange Soda, Black Coral, Royal Blue, Auburn, Pale Cerulean, Antique Bronze, Blue
13:34:28| Large marble: Winner, marbles: Bistre Brown, White Smoke, Almond, Silver Pink, Ruby, Russian Green, Gold
13:34:28| Large marble: Hercules, marbles: Shandy, Pale Goldenrod, Spanish Orange, Antique Brass, Fiery Rose, Dark Fuchsia, Orange Soda
13:34:28| Large marble: Sure Shot, marbles: Maximum Violet, Light Orange, Cotton Candy, Lavender Purple, Shandy, Thulian Pink, Royal Orange
13:34:28| Large marble: Apollo, marbles: Outrageous Orange, Russian Green, Eerie Black, Silver Chalice, Orange Soda, Spanish Orange, Rose Dust
13:34:28| Large marble: Zeus, marbles: Black Coral, Neon Pink, Gold, Cobalt Blue, Beaver, Eerie Black, Orange Peel
13:34:28| Large marble: Apollo, marbles: Black Coral, Russian Green, Maximum Blue, La Salle Green, Silver Pink, Duke Blue, Mint Cream
13:34:28| Large marble: Spinner, marbles: Dark Fuchsia, Icterine, Brink Pink, Gold, Blue Bell, Russian Violet, Rose Quartz
13:34:28| Large marble: Big Joe, marbles: Rose Dust, Lemon Lime, Slate Blue, Light Orange, Auburn, Chinese Red, Venetian Red
13:34:28| Large marble: Apollo, marbles: Gold, White Smoke, Rose Quartz, Arylide Yellow, Neon Dark Green, Sheen Green, Lemon Lime
13:34:28| Large marble: Hercules, marbles: Tuscan Brown, Slate Blue, Maximum Purple, Dark Moss Green, Rose Dust, Granny Smith Apple, Lumber
13:34:28| Large marble: Hercules, marbles: Middle Green Yellow, Bistre Brown, Auburn, Silver Chalice, Cotton Candy, Emerald, Pale Cerulean
13:34:28| Large marble: Sure Shot, marbles: Sheen Green, Orange Soda, Lumber, Light Orange, Russian Violet, Spanish Orange, Safety Yellow
13:34:28| Large marble: Zeus, marbles: Pastel Gray, Purple Plum, Shandy, Russian Green, Silver Pink, Auburn, Russian Green
13:34:28| Large marble: Hercules, marbles: Royal Red, Golden Yellow, Brown, Indigo, Pastel Blue, Arylide Yellow, Neon Pink
13:34:28| Large marble: Spinner, marbles: Honeydew, Pale Plum, Zomp, Russian Violet, Rose Dust, Maximum Blue, Gold
13:34:28| Large marble: Winner, marbles: Granny Smith Apple, Dark Moss Green, Spanish Pink, Platinum, Icterine, Icterine, Vegas Gold
13:34:28| Large marble: Big Joe, marbles: Silver Chalice, Cobalt Blue, Golden Yellow, Ivory, Russian Green, Middle Green Yellow, Mint Green
13:34:28| Large marble: Lucky, marbles: Lumber, Russian Violet, Arylide Yellow, Spanish Carmine, Purple Plum, Terra Cotta, Orange Peel
13:34:28| Large marble: Zeus, marbles: Neon Dark Green, Lavender Purple, Royal Orange, Granny Smith Apple, Icterine, Royal Orange, Candy Pink
13:34:28| Total time = 46.98153410
