13:27:02| Marble count     = 1000
13:27:02| Marble delay     = 0.01
13:27:02| Marbles in a bag = 7
13:27:02| Bagger delay     = 0.05
13:27:02| Assembler delay  = 0.05
13:27:02| Wrapper delay    = 0.05
13:27:02| Create the processes
13:27:02| Starting the processes
13:27:02| Waiting for processes to finish
13:27:49| Contents of boxes.txt
13:27:49| Large marble: Apollo, marbles: Rose Quartz, Isabelline, Brink Pink, Pale Goldenrod, Royal Red, Royal Orange, Sheen Green
13:27:49| Large marble: Winner, marbles: Mango Tango, Outrageous Orange, Platinum, Middle Red Purple, Orange Soda, Lavender Purple, Middle Green Yellow
13:27:49| Large marble: 5-Star, marbles: Neon Pink, Gold, Green, Pastel Gray, Lavender Purple, Brown, Royal Orange
13:27:49| Large marble: Zeus, marbles: Thulian Pink, Maximum Blue, Maximum Violet, Tuscan Brown, Brown, Silver Chalice, Royal Blue
13:27:49| Large marble: Big Joe, marbles: Antique Bronze, Sheen Green, Russian Violet, Venetian Red, Silver Pink, Stop Red, Indigo
13:27:49| Large marble: Zeus, marbles: Neon Silver, Indigo, Gold, Dark Moss Green, Eerie Black, Fiery Rose, Arylide Yellow
13:27:49| Large marble: Zeus, marbles: Royal Orange, Brink Pink, Pale Goldenrod, Honeydew, Vegas Gold, Spanish Orange, Stop Red
13:27:49| Large marble: Spinner, marbles: Antique Bronze, Maximum Purple, Maximum Blue, Antique Bronze, White Smoke, Purple, Pale Plum
13:27:49| Large marble: 5-Star, marbles: Neon Pink, Emerald, Stop Red, Silver Chalice, Light Orchid, Light Orange, Bistre Brown
13:27:49| Large marble: Apollo, marbles: Blue Bell, Pastel Gray, Lumber, Purple Plum, Lumber, Mango Tango, Blue
13:27:49| Large marble: Spinner, marbles: La Salle Green, Lemon Lime, Shandy, Chinese Red, Eerie Black, Neon Silver, Safety Yellow
13:27:49| Large marble: Spinner, marbles: Orange Soda, Shandy, White Smoke, Silver Pink, Lavender Blue, Blue, Duke Blue
13:27:49| Large marble: Hercules, marbles: Antique Bronze, Arylide Yellow, Isabelline, Orange Soda, Brown, Maximum Blue, Russian Violet
13:27:49| Large marble: Sure Shot, marbles: Shandy, Black Coral, Icterine, Duke Blue, Maximum Purple, Mulberry, Silver Chalice
13:27:49| Large marble: Apollo, marbles: Neon Silver, Pale Plum, Lumber, Middle Green, Terra Cotta, Royal Red, Mint Green
13:27:49| Large marble: 5-Star, marbles: Mint Green, Brink Pink, Middle Green, Middle Green, Tuscan Brown, Isabelline, Gold
13:27:49| Large marble: Big Joe, marbles: Mint Cream, Maximum Purple, Shandy, Icterine, Spanish Carmine, Fiery Rose, Maximum Purple
13:27:49| Large marble: Zeus, marbles: Golden Yellow, Golden Yellow, Mint Cream, Pale Plum, Mint Cream, Isabelline, Pastel Gray
13:27:49| Large marble: Zeus, marbles: Maximum Blue, Mint Green, Orange Peel, Duke Blue, Pale Taupe, Royal Blue, Tuscan Brown
13:27:49| Large marble: Apollo, marbles: Brink Pink, Lumber, Cobalt Blue, Royal Orange, Spanish Carmine, Ivory, Neon Silver
13:27:49| Large marble: Hercules, marbles: Platinum, Mulberry, Lavender Purple, Royal Blue, Royal Blue, Spanish Carmine, Mint Green
13:27:49| Large marble: Winner, marbles: La Salle Green, Lavender Blue, Sage, Sage, Sheen Green, Pastel Blue, Russian Violet
13:27:49| Large marble: Apollo, marbles: Liver Chestnut, Neon Silver, Lilac Luster, Isabelline, Golden Yellow, Orange Soda, Brown
13:27:49| Large marble: Apollo, marbles: White Smoke, Mulberry, Spanish Carmine, Fiery Rose, Terra Cotta, Arylide Yellow, Rose Dust
13:27:49| Large marble: Lucky, marbles: Mint Green, Mango Tango, Rose Quartz, Maximum Blue, La Salle Green, Beaver, Duke Blue
13:27:49| Large marble: Big Joe, marbles: Middle Green, Granny Smith Apple, Golden Yellow, Blue-Green, Dark Moss Green, Cobalt Blue, Isabelline
13:27:49| Large marble: Apollo, marbles: Blue, Fiery Rose, Dark Fuchsia, Mint Cream, Russian Green, Shandy, Blue Bell
13:27:49| Large marble: Sure Shot, marbles: Venetian Red, Shandy, Mint Cream, Pastel Gray, Fiery Rose, Almond, Antique Bronze
13:27:49| Large marble: Winner, marbles: Black Coral, Antique Brass, Pale Goldenrod, Neon Pink, Thulian Pink, Antique Bronze, Royal Blue
13:27:49| Large marble: Big Joe, marbles: Lavender Purple, Orange Soda, Liver Chestnut, Lavender Purple, Sheen Green, Slate Blue, Royal Blue
13:27:49| Large marble: Big Joe, marbles: Neon Dark Green, Mint Green, Mulberry, Lavender Blue, Royal Blue, Brink Pink, Chinese Red
13:27:49| Large marble: 5-Star, marbles: Pale Goldenrod, Green, Green, Pale Cerulean, Royal Orange, Duke Blue, Blue-Green
13:27:49| Large marble: Sure Shot, marbles: Candy Pink, Orange Peel, Icterine, Mode Beige, Pale Cerulean, Mulberry, Brown
13:27:49| Large marble: Spinner, marbles: Orange Soda, Granny Smith Apple, Beaver, White Smoke, Spanish Orange, Russian Violet, Indigo
13:27:49| Large marble: 5-Star, marbles: Mango Tango, Tuscan Brown, Middle Green Yellow, Auburn, Lumber, Beaver, Orange Peel
13:27:49| Large marble: Winner, marbles: Gold, Neon Silver, Dark Moss Green, Eerie Black, Neon Dark Green, Rose Quartz, Brink Pink
13:27:49| Large marble: Hercules, marbles: Candy Pink, Antique Bronze, Light Orchid, Ruby, Ivory, Maximum Blue, Middle Red Purple
13:27:49| Large marble: Lucky, marbles: White Smoke, Stop Red, Tuscan Brown, Silver Chalice, Auburn, Ivory, Emerald
13:27:49| Large marble: Winner, marbles: Chinese Red, Mint Green, Neon Silver, Russian Violet, Neon Silver, Lumber, Dark Fuchsia
13:27:49| Large marble: Zeus, marbles: Duke Blue, Platinum, Safety Yellow, Silver Pink, Neon Dark Green, Middle Green, Liver Chestnut
13:27:49| Large marble: Big Joe, marbles: Royal Orange, Slate Blue, Lavender Purple, Pale Goldenrod, Silver Pink, Candy Pink, Spanish Orange
13:27:49| Large marble: Hercules, marbles: Brink Pink, Russian Violet, Maximum Purple, Purple, Blue Bell, Slate Blue, Pastel Gray
13:27:49| Large marble: Lucky, marbles: Rose Quartz, Arylide Yellow, Purple Plum, Middle Red Purple, Antique Bronze, Mint Green, Mint Green
13:27:49| Large marble: Winner, marbles: Granny Smith Apple, Vegas Gold, Purple, Sheen Green, Middle Green, Thulian Pink, Orange Soda
13:27:49| Large marble: Sure Shot, marbles: Pastel Gray, Rose Quartz, Outrageous Orange, Mulberry, Outrageous Orange, Arylide Yellow, Terra Cotta
13:27:49| Large marble: Sure Shot, marbles: Venetian Red, Middle Green Yellow, Pale Goldenrod, Blue Bell, Spanish Carmine, Orange Soda, Maximum Blue
13:27:49| Large marble: Winner, marbles: Chinese Red, Light Orchid, Neon Dark Green, Royal Red, Antique Brass, Light Orchid, Bistre Brown
13:27:49| Large marble: Hercules, marbles: Pastel Blue, Pale Goldenrod, Blue Bell, Ruby, Blue-Green, Eerie Black, Auburn
13:27:49| Large marble: Winner, marbles: Golden Yellow, Lumber, Golden Yellow, Purple Plum, Dark Fuchsia, Honeydew, Lavender Blue
13:27:49| Large marble: Lucky, marbles: Russian Violet, Orange Soda, Pastel Gray, Lavender Purple, Blue, Dark Fuchsia, Brink Pink
13:27:49| Large marble: Winner, marbles: Pale Cerulean, Neon Pink, Cotton Candy, Sage, Mango Tango, Gold, Sage
13:27:49| Large marble: Hercules, marbles: Lumber, Chinese Red, Vegas Gold, Dark Moss Green, Pastel Blue, Isabelline, Black Coral
13:27:49| Large marble: Winner, marbles: Neon Pink, Emerald, Pastel Gray, Royal Blue, Blue Bell, Purple Plum, Middle Green Yellow
13:27:49| Large marble: Winner, marbles: Fiery Rose, Silver Pink, Gold, Vegas Gold, Gold, Auburn, Rose Dust
13:27:49| Large marble: Winner, marbles: Maximum Blue, Sheen Green, Neon Dark Green, Royal Red, Slate Blue, Antique Bronze, Arylide Yellow
13:27:49| Large marble: Zeus, marbles: Brown, Ruby, Terra Cotta, Chinese Red, Sheen Green, Sheen Green, Lemon Lime
13:27:49| Large marble: Winner, marbles: Shandy, Royal Blue, Blue, Candy Pink, Mimi Pink, Antique Brass, Ruby
13:27:49| Large marble: Sure Shot, marbles: Neon Pink, Bistre Brown, Royal Blue, Black Coral, Neon Silver, Icterine, Blue-Green
13:27:49| Large marble: Big Joe, marbles: Mint Cream, Royal Orange, Rose Quartz, Arylide Yellow, Brown, Royal Blue, Pastel Gray
13:27:49| Large marble: 5-Star, marbles: Ivory, Arylide Yellow, Outrageous Orange, Vegas Gold, Russian Green, Pastel Blue, Auburn
13:27:49| Large marble: Zeus, marbles: Liver Chestnut, Maximum Violet, Zomp, Lilac Luster, Eerie Black, Liver Chestnut, Safety Yellow
13:27:49| Large marble: Zeus, marbles: Dark Fuchsia, Slate Blue, Spanish Pink, Lumber, Cotton Candy, Stop Red, Middle Red Purple
13:27:49| Large marble: 5-Star, marbles: Pastel Blue, Gold, Spanish Orange, Mulberry, Light Orchid, Neon Silver, Spanish Carmine
13:27:49| Large marble: Apollo, marbles: Slate Blue, Spanish Pink, Thulian Pink, Middle Green, Pale Cerulean, Mulberry, Terra Cotta
13:27:49| Large marble: Sure Shot, marbles: Lavender Blue, Sage, Platinum, Orange Soda, Pale Taupe, Auburn, Lavender Blue
13:27:49| Large marble: Sure Shot, marbles: Purple Plum, Orange Soda, Russian Violet, Silver Pink, Rose Dust, Royal Blue, Spanish Carmine
13:27:49| Large marble: Hercules, marbles: Rose Dust, Orange Soda, Russian Green, Lavender Blue, Mulberry, Tuscan Brown, La Salle Green
13:27:49| Large marble: 5-Star, marbles: Light Orange, Liver Chestnut, Purple, Spanish Pink, Royal Orange, Blue-Green, Russian Violet
13:27:49| Large marble: Big Joe, marbles: Duke Blue, Russian Violet, Royal Red, Mimi Pink, Orange Soda, Antique Brass, Golden Yellow
13:27:49| Large marble: Lucky, marbles: Mode Beige, Neon Pink, Royal Red, Zomp, Dark Moss Green, Neon Pink, Light Orchid
13:27:49| Large marble: Hercules, marbles: Russian Violet, Ivory, Thulian Pink, Ruby, Spanish Orange, Mode Beige, Lavender Purple
13:27:49| Large marble: Big Joe, marbles: Ivory, Blue-Green, Royal Orange, Pastel Blue, Mint Cream, Light Orange, Lumber
13:27:49| Large marble: 5-Star, marbles: Lumber, Indigo, Neon Dark Green, Rose Quartz, Duke Blue, Rose Quartz, Outrageous Orange
13:27:49| Large marble: Big Joe, marbles: Lavender Blue, Beaver, Ivory, Orange Soda, Indigo, Auburn, Cobalt Blue
13:27:49| Large marble: Spinner, marbles: Pastel Blue, Mango Tango, Neon Dark Green, Pale Plum, Tuscan Brown, Russian Green, Ruby
13:27:49| Large marble: Lucky, marbles: Fiery Rose, Vegas Gold, Gold, Maximum Violet, Neon Pink, Mulberry, Antique Bronze
13:27:49| Large marble: Big Joe, marbles: Maximum Violet, Pale Plum, Stop Red, Vegas Gold, Icterine, Shandy, Rose Quartz
13:27:49| Large marble: Lucky, marbles: Platinum, Platinum, Tuscan Brown, Stop Red, Orange Peel, Maximum Purple, Outrageous Orange
13:27:49| Large marble: Winner, marbles: Maximum Violet, Purple Plum, Blue Bell, Vegas Gold, Arylide Yellow, Neon Pink, Pastel Gray
13:27:49| Large marble: 5-Star, marbles: Silver Chalice, Mimi Pink, Brown, Safety Yellow, Venetian Red, Maximum Blue, Royal Red
13:27:49| Large marble: Winner, marbles: Russian Violet, Lavender Purple, Mango Tango, Stop Red, Green, Mode Beige, Mimi Pink
13:27:49| Large marble: Hercules, marbles: Pale Goldenrod, Middle Green, Blue Bell, Orange Peel, Auburn, Brown, Mint Cream
13:27:49| Large marble: Spinner, marbles: Dark Fuchsia, Spanish Carmine, Duke Blue, Blue-Green, Lavender Purple, Venetian Red, Platinum
13:27:49| Large marble: Big Joe, marbles: Royal Blue, Rose Dust, Maximum Purple, Vegas Gold, Terra Cotta, Emerald, Pale Goldenrod
13:27:49| Large marble: Big Joe, marbles: Gold, Ruby, Zomp, Antique Bronze, Middle Red Purple, Green, Granny Smith Apple
13:27:49| Large marble: Lucky, marbles: Royal Blue, Royal Blue, La Salle Green, Neon Silver, White Smoke, Beaver, Pale Taupe
13:27:49| Large marble: Spinner, marbles: Venetian Red, Middle Red Purple, Spanish Orange, Maximum Purple, Liver Chestnut, Royal Red, Maximum Violet
13:27:49| Large marble: Winner, marbles: Gold, Purple Plum, Brown, Safety Yellow, Shandy, Pale Cerulean, Light Orchid
13:27:49| Large marble: Sure Shot, marbles: Gold, Pale Goldenrod, Bistre Brown, Almond, Tuscan Brown, Emerald, Pale Cerulean
13:27:49| Large marble: Apollo, marbles: Spanish Orange, Candy Pink, Silver Pink, Blue Bell, Neon Pink, Lemon Lime, Mint Green
13:27:49| Large marble: Winner, marbles: Ivory, Lavender Blue, Middle Green Yellow, Orange Peel, Beaver, Green, Mulberry
13:27:49| Large marble: Hercules, marbles: Bistre Brown, Spanish Carmine, Spanish Orange, Brown, Icterine, Middle Red Purple, Purple
13:27:49| Large marble: Lucky, marbles: Almond, Emerald, White Smoke, Orange Soda, Dark Fuchsia, Pale Taupe, Safety Yellow
13:27:49| Large marble: 5-Star, marbles: Mulberry, Middle Red Purple, Purple Plum, Royal Blue, Pale Taupe, Vegas Gold, Mode Beige
13:27:49| Large marble: Spinner, marbles: Russian Violet, Silver Pink, Mint Cream, Silver Chalice, Russian Violet, Blue-Green, Ruby
13:27:49| Large marble: Lucky, marbles: Eerie Black, Lavender Purple, Lilac Luster, Maximum Blue, Brink Pink, Light Orchid, Maximum Blue
13:27:49| Large marble: Spinner, marbles: Beaver, Lavender Blue, Duke Blue, Green, Royal Blue, Chinese Red, Middle Green
13:27:49| Large marble: 5-Star, marbles: Cobalt Blue, Shandy, Green, Maximum Purple, Russian Green, Mulberry, Emerald
13:27:49| Large marble: Zeus, marbles: Auburn, Russian Violet, Maximum Blue, Blue Bell, Middle Red Purple, Lemon Lime, Maximum Violet
13:27:49| Large marble: Winner, marbles: Silver Chalice, Pale Plum, Maximum Blue, Cobalt Blue, Rose Dust, Sheen Green, Bistre Brown
13:27:49| Large marble: Lucky, marbles: Neon Pink, Lavender Blue, Outrageous Orange, Pale Goldenrod, Maximum Purple, Spanish Carmine, Orange Peel
13:27:49| Large marble: Zeus, marbles: Blue Bell, Emerald, Cobalt Blue, Mulberry, Neon Dark Green, Terra Cotta, Pastel Blue
13:27:49| Large marble: Sure Shot, marbles: Silver Pink, Vegas Gold, Middle Green, La Salle Green, Sheen Green, Russian Violet, Pastel Gray
13:27:49| Large marble: 5-Star, marbles: Arylide Yellow, Blue, Chinese Red, Outrageous Orange, Candy Pink, Maximum Blue, Purple
13:27:49| Large marble: Spinner, marbles: Neon Pink, Rose Quartz, Bistre Brown, Maximum Blue, Dark Fuchsia, Russian Violet, Royal Blue
13:27:49| Large marble: 5-Star, marbles: Almond, Middle Green, Purple, Pale Taupe, Cobalt Blue, Maximum Blue, Venetian Red
13:27:49| Large marble: Hercules, marbles: Candy Pink, Antique Bronze, Mimi Pink, Neon Pink, Antique Bronze, Pale Taupe, Indigo
13:27:49| Large marble: Winner, marbles: Eerie Black, Pale Goldenrod, Rose Dust, Sage, Lilac Luster, Blue Bell, Purple
13:27:49| Large marble: Winner, marbles: Rose Dust, Blue Bell, Antique Bronze, Spanish Pink, Honeydew, Blue-Green, Bistre Brown
13:27:49| Large marble: Apollo, marbles: Lilac Luster, Arylide Yellow, Light Orchid, Green, Pale Cerulean, Light Orchid, Ivory
13:27:49| Large marble: Lucky, marbles: Light Orange, Neon Pink, Black Coral, Brink Pink, Middle Red Purple, Granny Smith Apple, Lavender Blue
13:27:49| Large marble: Hercules, marbles: Rose Quartz, Cobalt Blue, Thulian Pink, Orange Peel, Pastel Blue, Pale Taupe, Purple Plum
13:27:49| Large marble: Winner, marbles: Green, Stop Red, Lumber, Ruby, Granny Smith Apple, Pastel Gray, Royal Orange
13:27:49| Large marble: Big Joe, marbles: Pastel Gray, Pale Cerulean, Middle Green, Blue Bell, Russian Violet, Gold, Rose Dust
13:27:49| Large marble: Winner, marbles: Purple Plum, Middle Red Purple, Sage, Granny Smith Apple, Icterine, Cobalt Blue, Lumber
13:27:49| Large marble: Hercules, marbles: Silver Chalice, Gold, Light Orange, Neon Silver, Pastel Blue, Mango Tango, Sage
13:27:49| Large marble: Zeus, marbles: Gold, Mode Beige, Granny Smith Apple, Orange Peel, Pale Taupe, Sage, Pastel Blue
13:27:49| Large marble: Lucky, marbles: Royal Blue, Ivory, Maximum Purple, White Smoke, Safety Yellow, Mint Green, Rose Dust
13:27:49| Large marble: Sure Shot, marbles: Mimi Pink, Stop Red, Lavender Blue, Neon Pink, Antique Bronze, Russian Violet, Lavender Blue
13:27:49| Large marble: Apollo, marbles: Middle Green Yellow, Lemon Lime, Cotton Candy, Terra Cotta, Icterine, Pale Taupe, Pale Plum
13:27:49| Large marble: Spinner, marbles: Maximum Blue, Green, Tuscan Brown, Ruby, Spanish Orange, Lemon Lime, Middle Red Purple
13:27:49| Large marble: 5-Star, marbles: Safety Yellow, Spanish Pink, Orange Peel, Middle Red Purple, Ruby, Middle Red Purple, Mint Cream
13:27:49| Large marble: Winner, marbles: Lumber, Isabelline, Orange Soda, Neon Silver, Pale Goldenrod, Tuscan Brown, La Salle Green
13:27:49| Large marble: Sure Shot, marbles: Silver Pink, Middle Green Yellow, Stop Red, Maximum Purple, Neon Dark Green, Pastel Gray, Silver Chalice
13:27:49| Large marble: Sure Shot, marbles: Middle Green, Isabelline, Eerie Black, Pale Taupe, Middle Green, La Salle Green, Pale Taupe
13:27:49| Total time = 46.82581020
