14:19:11| Marble count     = 1000
14:19:11| Marble delay     = 0.01
14:19:11| Marbles in a bag = 7
14:19:11| Bagger delay     = 0.05
14:19:11| Assembler delay  = 0.05
14:19:11| Wrapper delay    = 0.05
14:19:11| Create the processes
14:19:11| Starting the processes
14:19:11| Waiting for processes to finish
14:19:56| Contents of boxes.txt
14:19:56| Created - 14:19:12: Large marble: Winner, marbles: Sage, Middle Green, Candy Pink, Arylide Yellow, Indigo, Isabelline, Lavender Purple
14:19:56| Created - 14:19:13: Large marble: Spinner, marbles: Pale Taupe, Auburn, Blue-Green, Purple, Royal Red, Lavender Purple, Pastel Gray
14:19:56| Created - 14:19:13: Large marble: 5-Star, marbles: Pastel Gray, Terra Cotta, Neon Dark Green, Pastel Gray, Silver Chalice, Neon Silver, Mimi Pink
14:19:56| Created - 14:19:13: Large marble: 5-Star, marbles: Royal Red, Orange Soda, Mode Beige, Lemon Lime, Indigo, Isabelline, Gold
14:19:56| Created - 14:19:14: Large marble: Sure Shot, marbles: Slate Blue, Brink Pink, Neon Silver, Tuscan Brown, Lemon Lime, Brown, Arylide Yellow
14:19:56| Created - 14:19:14: Large marble: Zeus, marbles: Dark Fuchsia, Auburn, Mint Green, Orange Soda, Rose Dust, Orange Peel, Pale Cerulean
14:19:56| Created - 14:19:14: Large marble: Sure Shot, marbles: Brown, Middle Green, Purple Plum, Slate Blue, Brown, Beaver, Mango Tango
14:19:56| Created - 14:19:15: Large marble: Winner, marbles: Lavender Purple, Lavender Purple, Pastel Gray, Rose Dust, Chinese Red, Orange Soda, Honeydew
14:19:56| Created - 14:19:15: Large marble: Apollo, marbles: Fiery Rose, Fiery Rose, Ivory, Pastel Gray, Duke Blue, Purple Plum, Icterine
14:19:56| Created - 14:19:15: Large marble: Spinner, marbles: Orange Peel, Blue Bell, Chinese Red, Antique Bronze, Almond, Blue, Black Coral
14:19:56| Created - 14:19:16: Large marble: 5-Star, marbles: Duke Blue, Sheen Green, Venetian Red, Lavender Purple, Black Coral, Ruby, Chinese Red
14:19:56| Created - 14:19:16: Large marble: Zeus, marbles: Gold, Isabelline, Royal Red, Candy Pink, Isabelline, Green, Safety Yellow
14:19:56| Created - 14:19:17: Large marble: 5-Star, marbles: Antique Brass, Spanish Orange, Sheen Green, Granny Smith Apple, Platinum, Maximum Blue, Tuscan Brown
14:19:56| Created - 14:19:17: Large marble: Hercules, marbles: Sheen Green, Mint Green, Spanish Pink, Sheen Green, Neon Pink, Granny Smith Apple, Brown
14:19:56| Created - 14:19:17: Large marble: Spinner, marbles: Mode Beige, Lemon Lime, Antique Brass, Thulian Pink, Pastel Gray, Golden Yellow, Platinum
14:19:56| Created - 14:19:18: Large marble: Hercules, marbles: Russian Green, Granny Smith Apple, Granny Smith Apple, Cotton Candy, Rose Quartz, Gold, Neon Pink
14:19:56| Created - 14:19:18: Large marble: Apollo, marbles: Candy Pink, Pastel Blue, Royal Red, Sage, Tuscan Brown, Zomp, Royal Blue
14:19:56| Created - 14:19:18: Large marble: 5-Star, marbles: Eerie Black, Safety Yellow, Stop Red, Neon Silver, Black Coral, Purple Plum, Honeydew
14:19:56| Created - 14:19:19: Large marble: Lucky, marbles: Ruby, Royal Blue, Green, Auburn, Shandy, Lavender Purple, Thulian Pink
14:19:56| Created - 14:19:19: Large marble: Hercules, marbles: Light Orchid, Orange Peel, Almond, Isabelline, Sheen Green, Orange Soda, Lilac Luster
14:19:56| Created - 14:19:19: Large marble: 5-Star, marbles: Mint Cream, Purple Plum, Honeydew, Black Coral, Maximum Blue, Silver Pink, Lavender Blue
14:19:56| Created - 14:19:20: Large marble: Sure Shot, marbles: White Smoke, Maximum Violet, Pale Cerulean, Pale Taupe, Blue, Brink Pink, Pale Goldenrod
14:19:56| Created - 14:19:20: Large marble: Sure Shot, marbles: Middle Green, Safety Yellow, Pastel Gray, Liver Chestnut, Indigo, Purple Plum, Fiery Rose
14:19:56| Created - 14:19:20: Large marble: Winner, marbles: Dark Moss Green, Silver Pink, Blue, Royal Red, Light Orchid, Auburn, Light Orchid
14:19:56| Created - 14:19:21: Large marble: 5-Star, marbles: Lavender Purple, Almond, Chinese Red, Spanish Pink, Indigo, Eerie Black, Icterine
14:19:56| Created - 14:19:21: Large marble: Winner, marbles: Russian Violet, Platinum, Honeydew, Rose Dust, Lavender Blue, Middle Red Purple, Almond
14:19:56| Created - 14:19:21: Large marble: Big Joe, marbles: Slate Blue, Lumber, Lilac Luster, Maximum Blue, Rose Quartz, Eerie Black, Brink Pink
14:19:56| Created - 14:19:22: Large marble: Sure Shot, marbles: Mode Beige, Isabelline, Stop Red, Pale Cerulean, Pale Taupe, Brown, Duke Blue
14:19:56| Created - 14:19:22: Large marble: Winner, marbles: Lemon Lime, Ivory, Platinum, Neon Pink, Brown, Venetian Red, Lavender Blue
14:19:56| Created - 14:19:23: Large marble: Winner, marbles: Platinum, Gold, Candy Pink, Cotton Candy, Light Orchid, Gold, Honeydew
14:19:56| Created - 14:19:23: Large marble: Sure Shot, marbles: Gold, Icterine, Royal Red, Liver Chestnut, Neon Pink, White Smoke, Mulberry
14:19:56| Created - 14:19:23: Large marble: Lucky, marbles: Granny Smith Apple, Auburn, Mulberry, Pastel Gray, Gold, Middle Green, Emerald
14:19:56| Created - 14:19:24: Large marble: Hercules, marbles: Neon Silver, Isabelline, Middle Green, Blue-Green, Liver Chestnut, Sheen Green, Pale Goldenrod
14:19:56| Created - 14:19:24: Large marble: Hercules, marbles: Beaver, Indigo, Stop Red, Royal Blue, Silver Chalice, Lemon Lime, Maximum Violet
14:19:56| Created - 14:19:24: Large marble: Lucky, marbles: Ruby, Icterine, Sheen Green, Lilac Luster, Mimi Pink, Isabelline, Platinum
14:19:56| Created - 14:19:25: Large marble: Hercules, marbles: Middle Green, Emerald, Lilac Luster, Pastel Gray, La Salle Green, Orange Soda, Mode Beige
14:19:56| Created - 14:19:25: Large marble: Winner, marbles: Beaver, Gold, Sage, Shandy, Orange Soda, Mint Green, Lumber
14:19:56| Created - 14:19:25: Large marble: Zeus, marbles: Thulian Pink, Spanish Carmine, Pastel Gray, Tuscan Brown, Arylide Yellow, Icterine, Lemon Lime
14:19:56| Created - 14:19:26: Large marble: Spinner, marbles: Fiery Rose, Middle Green, Candy Pink, Royal Blue, Maximum Violet, Lilac Luster, Lavender Purple
14:19:56| Created - 14:19:26: Large marble: Sure Shot, marbles: Blue-Green, Indigo, Arylide Yellow, Vegas Gold, Neon Pink, Golden Yellow, Mint Cream
14:19:56| Created - 14:19:26: Large marble: Hercules, marbles: Rose Dust, Russian Green, Lavender Blue, Platinum, Fiery Rose, Light Orchid, Mimi Pink
14:19:56| Created - 14:19:27: Large marble: 5-Star, marbles: Beaver, Pastel Blue, Stop Red, Auburn, Neon Dark Green, Neon Pink, Indigo
14:19:56| Created - 14:19:27: Large marble: Spinner, marbles: Outrageous Orange, Gold, Rose Dust, Blue-Green, Auburn, Pastel Gray, Neon Silver
14:19:56| Created - 14:19:28: Large marble: Hercules, marbles: Rose Quartz, Blue Bell, Emerald, Spanish Pink, Outrageous Orange, Stop Red, La Salle Green
14:19:56| Created - 14:19:28: Large marble: Big Joe, marbles: Mango Tango, Cotton Candy, Mimi Pink, Neon Pink, Fiery Rose, Purple Plum, Tuscan Brown
14:19:56| Created - 14:19:28: Large marble: Apollo, marbles: Purple, Spanish Carmine, Platinum, Tuscan Brown, Brown, Blue, Chinese Red
14:19:56| Created - 14:19:29: Large marble: Hercules, marbles: Russian Violet, Blue-Green, Spanish Carmine, Blue, Orange Soda, Liver Chestnut, Rose Quartz
14:19:56| Created - 14:19:29: Large marble: Spinner, marbles: Rose Quartz, Spanish Carmine, Pale Plum, Mint Cream, Eerie Black, Tuscan Brown, Spanish Pink
14:19:56| Created - 14:19:29: Large marble: Sure Shot, marbles: Purple, Shandy, Neon Silver, Antique Bronze, Pale Goldenrod, Middle Green, Ruby
14:19:56| Created - 14:19:30: Large marble: Big Joe, marbles: Rose Quartz, Honeydew, Neon Dark Green, White Smoke, Gold, Blue, Brown
14:19:56| Created - 14:19:30: Large marble: Sure Shot, marbles: Pastel Blue, Terra Cotta, Shandy, Blue, Royal Blue, Chinese Red, Sage
14:19:56| Created - 14:19:30: Large marble: Zeus, marbles: Mulberry, Ivory, Tuscan Brown, Blue-Green, Safety Yellow, Middle Red Purple, Light Orchid
14:19:56| Created - 14:19:31: Large marble: Apollo, marbles: Purple Plum, Dark Fuchsia, Maximum Purple, Silver Pink, Dark Fuchsia, Pastel Blue, Emerald
14:19:56| Created - 14:19:31: Large marble: Winner, marbles: Fiery Rose, Sheen Green, Platinum, Brown, Beaver, Granny Smith Apple, La Salle Green
14:19:56| Created - 14:19:31: Large marble: Big Joe, marbles: Bistre Brown, Gold, Almond, Zomp, Almond, Mulberry, Beaver
14:19:56| Created - 14:19:32: Large marble: Zeus, marbles: Antique Bronze, Antique Bronze, Orange Soda, Slate Blue, Mulberry, Cobalt Blue, Safety Yellow
14:19:56| Created - 14:19:32: Large marble: Spinner, marbles: Purple, Blue-Green, Lavender Blue, Pastel Blue, Light Orchid, Silver Pink, Outrageous Orange
14:19:56| Created - 14:19:32: Large marble: Lucky, marbles: Middle Red Purple, Maximum Blue, Blue Bell, Light Orange, Granny Smith Apple, Blue Bell, Middle Red Purple
14:19:56| Created - 14:19:33: Large marble: Lucky, marbles: Thulian Pink, Platinum, Middle Green, Light Orange, Granny Smith Apple, Terra Cotta, Dark Moss Green
14:19:56| Created - 14:19:33: Large marble: Sure Shot, marbles: Maximum Purple, Auburn, Auburn, Cobalt Blue, Green, Silver Pink, Outrageous Orange
14:19:56| Created - 14:19:34: Large marble: Winner, marbles: Middle Green Yellow, Orange Soda, Mango Tango, Eerie Black, Maximum Blue, Stop Red, Gold
14:19:56| Created - 14:19:34: Large marble: Apollo, marbles: Golden Yellow, Middle Green, Green, Mulberry, Sage, Pale Taupe, Lavender Blue
14:19:56| Created - 14:19:34: Large marble: Lucky, marbles: Dark Moss Green, Gold, Maximum Blue, Zomp, Lumber, Bistre Brown, Purple
14:19:56| Created - 14:19:35: Large marble: Winner, marbles: Neon Silver, Liver Chestnut, Auburn, Spanish Orange, Orange Peel, Russian Green, Zomp
14:19:56| Created - 14:19:35: Large marble: Apollo, marbles: Dark Moss Green, Middle Green Yellow, Maximum Violet, Chinese Red, Outrageous Orange, Venetian Red, Stop Red
14:19:56| Created - 14:19:35: Large marble: 5-Star, marbles: Maximum Violet, Auburn, Lemon Lime, Ivory, Zomp, Gold, Blue Bell
14:19:56| Created - 14:19:36: Large marble: Big Joe, marbles: Pale Plum, Granny Smith Apple, Pale Taupe, Blue Bell, Beaver, Candy Pink, Beaver
14:19:56| Created - 14:19:36: Large marble: Hercules, marbles: Orange Soda, Royal Red, Royal Orange, Mode Beige, Maximum Purple, Dark Moss Green, Lumber
14:19:56| Created - 14:19:36: Large marble: Sure Shot, marbles: Spanish Pink, Golden Yellow, Gold, Middle Green, Pastel Gray, Fiery Rose, Lumber
14:19:56| Created - 14:19:37: Large marble: Sure Shot, marbles: Silver Pink, Mint Green, Pale Plum, Thulian Pink, Icterine, Blue-Green, Mango Tango
14:19:56| Created - 14:19:37: Large marble: 5-Star, marbles: Emerald, Lemon Lime, Tuscan Brown, Lilac Luster, Cobalt Blue, Arylide Yellow, Mulberry
14:19:56| Created - 14:19:37: Large marble: Winner, marbles: Fiery Rose, Emerald, Eerie Black, Mango Tango, Light Orchid, Cobalt Blue, Fiery Rose
14:19:56| Created - 14:19:38: Large marble: Big Joe, marbles: Antique Bronze, Isabelline, Spanish Carmine, Auburn, La Salle Green, Pale Plum, Outrageous Orange
14:19:56| Created - 14:19:38: Large marble: Lucky, marbles: Lumber, Pastel Gray, Pastel Gray, Golden Yellow, Pastel Blue, Rose Dust, Zomp
14:19:56| Created - 14:19:38: Large marble: Sure Shot, marbles: Slate Blue, Middle Red Purple, Indigo, Terra Cotta, Orange Soda, Chinese Red, Mode Beige
14:19:56| Created - 14:19:39: Large marble: Spinner, marbles: Pale Plum, Purple Plum, Brink Pink, Purple, Green, Thulian Pink, Vegas Gold
14:19:56| Created - 14:19:39: Large marble: 5-Star, marbles: Candy Pink, Pastel Gray, Mint Green, Icterine, Zomp, Silver Pink, Emerald
14:19:56| Created - 14:19:40: Large marble: Big Joe, marbles: Lavender Blue, Thulian Pink, Neon Silver, Purple, Neon Pink, Fiery Rose, Sheen Green
14:19:56| Created - 14:19:40: Large marble: Spinner, marbles: Russian Green, Rose Dust, Ivory, Granny Smith Apple, Russian Green, Silver Pink, Venetian Red
14:19:56| Created - 14:19:40: Large marble: Hercules, marbles: Dark Moss Green, Lilac Luster, Cobalt Blue, Duke Blue, Pale Plum, Royal Red, Ruby
14:19:56| Created - 14:19:41: Large marble: 5-Star, marbles: Eerie Black, Chinese Red, Indigo, Venetian Red, Dark Moss Green, Green, Middle Green Yellow
14:19:56| Created - 14:19:41: Large marble: Sure Shot, marbles: Lemon Lime, Russian Green, Middle Red Purple, Neon Silver, Tuscan Brown, Mulberry, Neon Dark Green
14:19:56| Created - 14:19:41: Large marble: Big Joe, marbles: Platinum, Slate Blue, Neon Dark Green, Orange Soda, Zomp, Green, Auburn
14:19:56| Created - 14:19:42: Large marble: Apollo, marbles: Mode Beige, Zomp, Stop Red, Gold, Candy Pink, Safety Yellow, Tuscan Brown
14:19:56| Created - 14:19:42: Large marble: Zeus, marbles: Spanish Orange, Gold, Eerie Black, Russian Violet, Mimi Pink, Spanish Carmine, Cotton Candy
14:19:56| Created - 14:19:42: Large marble: Big Joe, marbles: Zomp, Antique Brass, Russian Green, Thulian Pink, Pale Plum, Lumber, Eerie Black
14:19:56| Created - 14:19:43: Large marble: Sure Shot, marbles: Orange Soda, Pale Taupe, Mint Green, Venetian Red, Pale Plum, Maximum Violet, Brink Pink
14:19:56| Created - 14:19:43: Large marble: Zeus, marbles: Middle Green, Silver Pink, Maximum Violet, Blue Bell, Zomp, Outrageous Orange, Auburn
14:19:56| Created - 14:19:43: Large marble: Zeus, marbles: Pastel Gray, Granny Smith Apple, Vegas Gold, Arylide Yellow, Pastel Gray, Orange Soda, Brink Pink
14:19:56| Created - 14:19:44: Large marble: Lucky, marbles: Stop Red, Outrageous Orange, Ruby, Pale Goldenrod, Russian Green, Icterine, Bistre Brown
14:19:56| Created - 14:19:44: Large marble: 5-Star, marbles: Maximum Blue, Duke Blue, Royal Orange, La Salle Green, Orange Soda, Cotton Candy, Spanish Orange
14:19:56| Created - 14:19:45: Large marble: Zeus, marbles: Lavender Purple, Spanish Orange, Orange Peel, Zomp, Safety Yellow, Maximum Violet, Light Orchid
14:19:56| Created - 14:19:45: Large marble: Zeus, marbles: Icterine, Royal Orange, Dark Fuchsia, Purple, Eerie Black, Pastel Blue, Mode Beige
14:19:56| Created - 14:19:45: Large marble: Winner, marbles: Mimi Pink, Zomp, Pale Plum, Terra Cotta, Arylide Yellow, Platinum, Outrageous Orange
14:19:56| Created - 14:19:46: Large marble: Lucky, marbles: Terra Cotta, Antique Brass, Beaver, Neon Dark Green, Maximum Purple, Antique Bronze, Ivory
14:19:56| Created - 14:19:46: Large marble: Hercules, marbles: Sheen Green, Neon Silver, Orange Peel, Middle Green, Sage, Maximum Purple, Neon Dark Green
14:19:56| Created - 14:19:46: Large marble: Apollo, marbles: Russian Violet, Green, Neon Silver, Ivory, Blue, Shandy, Neon Silver
14:19:56| Created - 14:19:47: Large marble: Spinner, marbles: Platinum, White Smoke, Outrageous Orange, Middle Green, Lavender Blue, Rose Quartz, Cotton Candy
14:19:56| Created - 14:19:47: Large marble: Apollo, marbles: Mode Beige, La Salle Green, Liver Chestnut, Ruby, Russian Violet, Lumber, Granny Smith Apple
14:19:56| Created - 14:19:47: Large marble: 5-Star, marbles: Pale Taupe, Light Orchid, Pale Taupe, Blue-Green, Platinum, Spanish Pink, Purple
14:19:56| Created - 14:19:48: Large marble: Sure Shot, marbles: Auburn, Russian Violet, Honeydew, Slate Blue, Mode Beige, Pale Goldenrod, Purple Plum
14:19:56| Created - 14:19:48: Large marble: Hercules, marbles: Zomp, Orange Soda, Blue, Bistre Brown, Orange Soda, Liver Chestnut, Royal Red
14:19:56| Created - 14:19:48: Large marble: Hercules, marbles: Outrageous Orange, Tuscan Brown, Neon Dark Green, Pale Goldenrod, Spanish Carmine, Mimi Pink, Pale Plum
14:19:56| Created - 14:19:49: Large marble: 5-Star, marbles: Dark Fuchsia, Chinese Red, Almond, Sage, Venetian Red, Neon Silver, White Smoke
14:19:56| Created - 14:19:49: Large marble: Big Joe, marbles: Maximum Violet, Light Orange, Mango Tango, Outrageous Orange, Royal Red, Zomp, Blue
14:19:56| Created - 14:19:49: Large marble: Apollo, marbles: Spanish Carmine, Pastel Blue, Pastel Gray, Pale Plum, Thulian Pink, Gold, Slate Blue
14:19:56| Created - 14:19:50: Large marble: Zeus, marbles: Candy Pink, Royal Orange, Sage, Cobalt Blue, Dark Fuchsia, Brink Pink, Mango Tango
14:19:56| Created - 14:19:50: Large marble: Apollo, marbles: Tuscan Brown, Slate Blue, Pale Plum, Mango Tango, Neon Dark Green, Antique Brass, Black Coral
14:19:56| Created - 14:19:51: Large marble: Big Joe, marbles: Lavender Purple, Granny Smith Apple, Vegas Gold, Orange Peel, Lilac Luster, Neon Dark Green, Purple
14:19:56| Created - 14:19:51: Large marble: Zeus, marbles: Purple, Shandy, Icterine, Maximum Violet, Purple, Brink Pink, La Salle Green
14:19:56| Created - 14:19:51: Large marble: 5-Star, marbles: Outrageous Orange, Venetian Red, Arylide Yellow, Rose Quartz, Mulberry, Slate Blue, Ruby
14:19:56| Created - 14:19:52: Large marble: 5-Star, marbles: Royal Blue, Gold, Blue, Antique Bronze, Silver Chalice, Tuscan Brown, Purple
14:19:56| Created - 14:19:52: Large marble: Lucky, marbles: Mint Cream, Icterine, Shandy, Almond, Black Coral, Middle Green, Mimi Pink
14:19:56| Created - 14:19:52: Large marble: Spinner, marbles: Ivory, Spanish Carmine, Light Orchid, Thulian Pink, Thulian Pink, Orange Peel, White Smoke
14:19:56| Created - 14:19:53: Large marble: Zeus, marbles: Gold, Gold, Light Orchid, Dark Fuchsia, Ivory, Indigo, Lumber
14:19:56| Created - 14:19:53: Large marble: Apollo, marbles: Sage, Antique Brass, Granny Smith Apple, Neon Dark Green, Thulian Pink, Maximum Blue, Ivory
14:19:56| Created - 14:19:53: Large marble: Winner, marbles: Gold, Arylide Yellow, Silver Pink, Silver Pink, Venetian Red, Almond, Mimi Pink
14:19:56| Created - 14:19:54: Large marble: Zeus, marbles: Auburn, Mimi Pink, Cotton Candy, Middle Green Yellow, Lumber, Light Orange, Honeydew
14:19:56| Created - 14:19:54: Large marble: Hercules, marbles: Golden Yellow, Mint Cream, Middle Green, Mulberry, Slate Blue, Green, Russian Green
14:19:56| Created - 14:19:54: Large marble: Sure Shot, marbles: Mango Tango, Dark Fuchsia, Mimi Pink, Orange Soda, Antique Brass, Dark Moss Green, Safety Yellow
14:19:56| Created - 14:19:55: Large marble: Sure Shot, marbles: Pale Plum, Light Orchid, Orange Soda, Icterine, Golden Yellow, Antique Bronze, Granny Smith Apple
14:19:56| Created - 14:19:55: Large marble: 5-Star, marbles: Vegas Gold, Light Orchid, Indigo, Antique Brass, Gold, Isabelline, Rose Dust
14:19:56| Created - 14:19:56: Large marble: Spinner, marbles: Royal Blue, Auburn, Russian Green, Tuscan Brown, Chinese Red, Blue, Blue Bell
14:19:56| Created - 14:19:56: Large marble: Winner, marbles: Dark Fuchsia, Sage, Pale Plum, Brink Pink, Icterine, Dark Fuchsia, Bistre Brown
14:19:56| Created - 14:19:56: Large marble: Lucky, marbles: Blue, Lavender Blue, Lemon Lime, Thulian Pink, Tuscan Brown, Sheen Green, Mulberry
14:19:56| Total Gifts Created: 125
14:19:56| Total time = 45.29826850
