13:38:05| Marble count     = 1000
13:38:05| Marble delay     = 0.01
13:38:05| Marbles in a bag = 7
13:38:05| Bagger delay     = 0.05
13:38:05| Assembler delay  = 0.05
13:38:05| Wrapper delay    = 0.05
13:38:05| Create the processes
13:38:05| Starting the processes
13:38:05| Waiting for processes to finish
13:38:52| Contents of boxes.txt
13:38:52| Created - 13:38:07: Large marble: Lucky, marbles: Mode Beige, Mint Green, Silver Pink, Almond, Neon Dark Green, Dark Moss Green, Indigo
13:38:52| Created - 13:38:07: Large marble: Sure Shot, marbles: Liver Chestnut, Purple, Middle Red Purple, Honeydew, Rose Quartz, Maximum Purple, Orange Soda
13:38:52| Created - 13:38:08: Large marble: Winner, marbles: Lemon Lime, Dark Moss Green, Orange Soda, Thulian Pink, Lavender Blue, Isabelline, Antique Brass
13:38:52| Created - 13:38:08: Large marble: Spinner, marbles: Mango Tango, Pale Taupe, Middle Green Yellow, Royal Red, Maximum Purple, Lumber, Blue
13:38:52| Created - 13:38:08: Large marble: Apollo, marbles: Isabelline, Orange Soda, Rose Quartz, Mint Green, Green, Icterine, Golden Yellow
13:38:52| Created - 13:38:09: Large marble: Sure Shot, marbles: Zomp, Maximum Violet, Chinese Red, Arylide Yellow, Royal Blue, Orange Soda, Royal Blue
13:38:52| Created - 13:38:09: Large marble: Sure Shot, marbles: Green, Black Coral, Silver Chalice, Granny Smith Apple, Granny Smith Apple, Pale Plum, Rose Quartz
13:38:52| Created - 13:38:09: Large marble: 5-Star, marbles: Royal Orange, Blue, Cotton Candy, Arylide Yellow, Dark Fuchsia, Stop Red, Blue
13:38:52| Created - 13:38:10: Large marble: Spinner, marbles: Ruby, Stop Red, Purple Plum, Neon Pink, Vegas Gold, Bistre Brown, Pale Goldenrod
13:38:52| Created - 13:38:10: Large marble: Hercules, marbles: Granny Smith Apple, Mango Tango, Honeydew, Purple, Russian Violet, Blue-Green, Tuscan Brown
13:38:52| Created - 13:38:11: Large marble: Zeus, marbles: Orange Soda, Mode Beige, Neon Silver, Spanish Carmine, Mint Green, Chinese Red, Pale Goldenrod
13:38:52| Created - 13:38:11: Large marble: Apollo, marbles: Orange Peel, Ruby, Bistre Brown, Antique Bronze, Sheen Green, Rose Dust, Candy Pink
13:38:52| Created - 13:38:11: Large marble: 5-Star, marbles: Pastel Gray, Platinum, Terra Cotta, Purple Plum, Silver Pink, Purple, Middle Green Yellow
13:38:52| Created - 13:38:12: Large marble: Big Joe, marbles: Shandy, Black Coral, Mango Tango, Royal Orange, Maximum Purple, Maximum Violet, La Salle Green
13:38:52| Created - 13:38:12: Large marble: Big Joe, marbles: Fiery Rose, Light Orchid, Terra Cotta, Golden Yellow, Sheen Green, Lemon Lime, Indigo
13:38:52| Created - 13:38:12: Large marble: Winner, marbles: Candy Pink, Indigo, Middle Green Yellow, Almond, Antique Brass, Emerald, La Salle Green
13:38:52| Created - 13:38:13: Large marble: 5-Star, marbles: Venetian Red, Pale Taupe, Silver Pink, Royal Red, Orange Soda, Antique Brass, Lemon Lime
13:38:52| Created - 13:38:13: Large marble: Sure Shot, marbles: Rose Quartz, Black Coral, Golden Yellow, Lavender Purple, Pale Taupe, Zomp, Neon Silver
13:38:52| Created - 13:38:13: Large marble: Big Joe, marbles: Rose Dust, Lumber, Rose Dust, Shandy, Pastel Blue, Slate Blue, Neon Silver
13:38:52| Created - 13:38:14: Large marble: Hercules, marbles: Cotton Candy, Platinum, Pastel Gray, Blue Bell, Candy Pink, Silver Chalice, Silver Pink
13:38:52| Created - 13:38:14: Large marble: Spinner, marbles: Mimi Pink, Gold, Mulberry, Duke Blue, Stop Red, Royal Red, Liver Chestnut
13:38:52| Created - 13:38:14: Large marble: Zeus, marbles: La Salle Green, Royal Red, Thulian Pink, Pastel Blue, Light Orchid, Maximum Violet, Maximum Blue
13:38:52| Created - 13:38:15: Large marble: Apollo, marbles: Pale Goldenrod, Russian Violet, Zomp, Purple, Icterine, Duke Blue, Venetian Red
13:38:52| Created - 13:38:15: Large marble: Winner, marbles: Duke Blue, Dark Moss Green, Shandy, Arylide Yellow, Lilac Luster, Mango Tango, Slate Blue
13:38:52| Created - 13:38:16: Large marble: Hercules, marbles: Lavender Blue, Spanish Pink, Mint Cream, Stop Red, White Smoke, Venetian Red, Pale Plum
13:38:52| Created - 13:38:16: Large marble: Lucky, marbles: Golden Yellow, Orange Soda, Green, Bistre Brown, Shandy, Spanish Pink, Mint Green
13:38:52| Created - 13:38:16: Large marble: Spinner, marbles: Cotton Candy, Sheen Green, Pastel Gray, Almond, Cobalt Blue, Blue Bell, Pale Cerulean
13:38:52| Created - 13:38:17: Large marble: Winner, marbles: Middle Red Purple, Pale Cerulean, Green, Golden Yellow, Purple Plum, Mulberry, Cobalt Blue
13:38:52| Created - 13:38:17: Large marble: Hercules, marbles: Brink Pink, Gold, Icterine, Middle Green Yellow, Blue, Duke Blue, Blue-Green
13:38:52| Created - 13:38:17: Large marble: Big Joe, marbles: Pastel Gray, Stop Red, Cotton Candy, Silver Pink, Royal Orange, Bistre Brown, Pastel Gray
13:38:52| Created - 13:38:18: Large marble: Apollo, marbles: Indigo, Thulian Pink, Stop Red, Middle Green Yellow, Terra Cotta, Black Coral, Duke Blue
13:38:52| Created - 13:38:18: Large marble: Zeus, marbles: Pale Plum, Sage, Outrageous Orange, Cobalt Blue, Mango Tango, Blue Bell, Lumber
13:38:52| Created - 13:38:18: Large marble: Spinner, marbles: Cotton Candy, Pale Plum, Mango Tango, Maximum Purple, Auburn, Terra Cotta, Liver Chestnut
13:38:52| Created - 13:38:19: Large marble: Hercules, marbles: Mimi Pink, Blue, Sheen Green, Venetian Red, Orange Peel, Lavender Blue, Pastel Gray
13:38:52| Created - 13:38:19: Large marble: Hercules, marbles: Sheen Green, Russian Green, La Salle Green, Antique Brass, Icterine, Mint Green, Mulberry
13:38:52| Created - 13:38:19: Large marble: Sure Shot, marbles: Bistre Brown, Rose Quartz, Maximum Blue, Arylide Yellow, Middle Green, Duke Blue, Antique Brass
13:38:52| Created - 13:38:20: Large marble: Spinner, marbles: Pastel Blue, Cotton Candy, Icterine, Rose Dust, Lavender Blue, Light Orange, Spanish Orange
13:38:52| Created - 13:38:20: Large marble: Apollo, marbles: Outrageous Orange, Isabelline, Indigo, Almond, Light Orchid, Black Coral, Neon Silver
13:38:52| Created - 13:38:20: Large marble: Lucky, marbles: Zomp, Auburn, Royal Red, Middle Red Purple, Neon Silver, White Smoke, Purple Plum
13:38:52| Created - 13:38:21: Large marble: Zeus, marbles: Spanish Carmine, Zomp, Brown, Purple, Sage, Royal Blue, Stop Red
13:38:52| Created - 13:38:21: Large marble: 5-Star, marbles: Brown, Light Orchid, Stop Red, Duke Blue, Maximum Blue, Auburn, Mode Beige
13:38:52| Created - 13:38:22: Large marble: Zeus, marbles: Green, Ivory, Lilac Luster, Cobalt Blue, Blue, Dark Fuchsia, Arylide Yellow
13:38:52| Created - 13:38:22: Large marble: Zeus, marbles: Honeydew, Orange Soda, Beaver, Middle Red Purple, Royal Orange, Shandy, Neon Pink
13:38:52| Created - 13:38:22: Large marble: Big Joe, marbles: Neon Dark Green, Lilac Luster, Orange Soda, Lumber, Russian Green, Terra Cotta, Indigo
13:38:52| Created - 13:38:23: Large marble: Zeus, marbles: Mimi Pink, Zomp, Mango Tango, Neon Silver, Spanish Pink, Liver Chestnut, Lavender Blue
13:38:52| Created - 13:38:23: Large marble: Zeus, marbles: Safety Yellow, Auburn, Orange Peel, Brink Pink, Mulberry, Honeydew, Brown
13:38:52| Created - 13:38:23: Large marble: Sure Shot, marbles: Beaver, Bistre Brown, Rose Dust, Rose Dust, Gold, White Smoke, Lavender Blue
13:38:52| Created - 13:38:24: Large marble: Spinner, marbles: Liver Chestnut, La Salle Green, Mulberry, Neon Silver, Slate Blue, Mulberry, Cobalt Blue
13:38:52| Created - 13:38:24: Large marble: Winner, marbles: Rose Quartz, Emerald, Zomp, Neon Silver, Middle Green, Maximum Blue, Orange Soda
13:38:52| Created - 13:38:25: Large marble: Zeus, marbles: Lumber, Mode Beige, Middle Red Purple, Orange Peel, Golden Yellow, Lavender Blue, Liver Chestnut
13:38:52| Created - 13:38:25: Large marble: Lucky, marbles: Venetian Red, La Salle Green, Pastel Blue, Mint Cream, Golden Yellow, Orange Soda, Lavender Blue
13:38:52| Created - 13:38:25: Large marble: Zeus, marbles: Mint Green, Pastel Gray, Auburn, Emerald, Neon Dark Green, Stop Red, Candy Pink
13:38:52| Created - 13:38:26: Large marble: Spinner, marbles: Gold, Light Orange, Almond, White Smoke, Terra Cotta, Lavender Blue, Maximum Violet
13:38:52| Created - 13:38:26: Large marble: Sure Shot, marbles: Blue Bell, Antique Bronze, Spanish Carmine, Pale Plum, Auburn, Golden Yellow, Spanish Orange
13:38:52| Created - 13:38:26: Large marble: Zeus, marbles: Pale Goldenrod, Purple, Russian Green, Mulberry, Maximum Blue, Shandy, Purple Plum
13:38:52| Created - 13:38:27: Large marble: Sure Shot, marbles: Vegas Gold, Emerald, Lavender Purple, Lemon Lime, Blue, Mint Cream, Pale Goldenrod
13:38:52| Created - 13:38:27: Large marble: Lucky, marbles: Pastel Blue, Mint Green, Zomp, Lilac Luster, Eerie Black, Shandy, Orange Soda
13:38:52| Created - 13:38:27: Large marble: 5-Star, marbles: Isabelline, Royal Orange, Mimi Pink, Light Orange, Royal Blue, Blue-Green, Blue-Green
13:38:52| Created - 13:38:28: Large marble: Spinner, marbles: Rose Quartz, Ruby, Lumber, Duke Blue, Mulberry, Cobalt Blue, Silver Pink
13:38:52| Created - 13:38:28: Large marble: Spinner, marbles: Spanish Orange, Ruby, Light Orchid, Pale Taupe, Chinese Red, Green, Duke Blue
13:38:52| Created - 13:38:29: Large marble: Spinner, marbles: Indigo, Rose Quartz, Lavender Purple, Eerie Black, Purple Plum, Maximum Violet, Vegas Gold
13:38:52| Created - 13:38:29: Large marble: Lucky, marbles: Orange Peel, Ivory, Safety Yellow, Fiery Rose, La Salle Green, Silver Chalice, Outrageous Orange
13:38:52| Created - 13:38:29: Large marble: Spinner, marbles: Maximum Purple, Neon Silver, Green, Antique Bronze, Dark Moss Green, Ruby, Purple
13:38:52| Created - 13:38:30: Large marble: Apollo, marbles: Eerie Black, Isabelline, Neon Dark Green, Platinum, Lilac Luster, Gold, Antique Brass
13:38:52| Created - 13:38:30: Large marble: Lucky, marbles: Pale Cerulean, Eerie Black, Gold, Mimi Pink, Maximum Purple, Middle Green, Silver Pink
13:38:52| Created - 13:38:30: Large marble: 5-Star, marbles: Antique Bronze, Fiery Rose, Sheen Green, Shandy, Black Coral, Pale Taupe, Zomp
13:38:52| Created - 13:38:31: Large marble: Lucky, marbles: Venetian Red, Rose Dust, Brink Pink, Royal Blue, Icterine, Rose Quartz, Pastel Gray
13:38:52| Created - 13:38:31: Large marble: Big Joe, marbles: Spanish Orange, Blue-Green, Light Orange, Orange Soda, Purple Plum, Spanish Carmine, Blue Bell
13:38:52| Created - 13:38:31: Large marble: Big Joe, marbles: Vegas Gold, Gold, Platinum, Silver Chalice, Purple, Dark Moss Green, Pale Plum
13:38:52| Created - 13:38:32: Large marble: Big Joe, marbles: Gold, Golden Yellow, Purple Plum, Black Coral, Maximum Violet, Purple, Chinese Red
13:38:52| Created - 13:38:32: Large marble: 5-Star, marbles: Safety Yellow, Pale Goldenrod, Terra Cotta, Isabelline, Mango Tango, Rose Quartz, Chinese Red
13:38:52| Created - 13:38:33: Large marble: Spinner, marbles: Isabelline, Blue Bell, Maximum Purple, Light Orange, Ivory, Purple, Cobalt Blue
13:38:52| Created - 13:38:33: Large marble: Sure Shot, marbles: Pale Plum, Dark Fuchsia, Tuscan Brown, Neon Silver, Isabelline, Pastel Gray, Terra Cotta
13:38:52| Created - 13:38:33: Large marble: Zeus, marbles: Maximum Purple, La Salle Green, Stop Red, Mimi Pink, Duke Blue, Vegas Gold, Orange Soda
13:38:52| Created - 13:38:34: Large marble: Zeus, marbles: Icterine, Orange Soda, Ivory, Safety Yellow, Royal Orange, Lavender Purple, Maximum Purple
13:38:52| Created - 13:38:34: Large marble: Hercules, marbles: Ivory, Pale Cerulean, Pastel Gray, Shandy, Ruby, Mulberry, Mimi Pink
13:38:52| Created - 13:38:34: Large marble: Lucky, marbles: Eerie Black, Venetian Red, Orange Soda, Platinum, Mimi Pink, Spanish Pink, Russian Green
13:38:52| Created - 13:38:35: Large marble: Sure Shot, marbles: Pale Goldenrod, Zomp, Royal Blue, Granny Smith Apple, Thulian Pink, Silver Chalice, Vegas Gold
13:38:52| Created - 13:38:35: Large marble: Big Joe, marbles: Orange Soda, Terra Cotta, Royal Red, Blue, Silver Chalice, Fiery Rose, Middle Green
13:38:52| Created - 13:38:35: Large marble: Apollo, marbles: White Smoke, Dark Fuchsia, Pale Taupe, Sheen Green, Almond, Gold, Sheen Green
13:38:52| Created - 13:38:36: Large marble: Sure Shot, marbles: Rose Quartz, Outrageous Orange, Shandy, Mango Tango, Outrageous Orange, Royal Blue, Neon Pink
13:38:52| Created - 13:38:36: Large marble: Lucky, marbles: Light Orchid, Russian Violet, Liver Chestnut, Candy Pink, Vegas Gold, Ivory, Lumber
13:38:52| Created - 13:38:36: Large marble: Zeus, marbles: Cobalt Blue, Mint Green, Lavender Purple, Emerald, Light Orchid, Beaver, Pale Goldenrod
13:38:52| Created - 13:38:37: Large marble: Apollo, marbles: Pale Cerulean, Light Orchid, Pastel Gray, Cobalt Blue, Safety Yellow, Auburn, Vegas Gold
13:38:52| Created - 13:38:37: Large marble: Lucky, marbles: Pale Goldenrod, Gold, White Smoke, Shandy, Thulian Pink, Antique Brass, Mode Beige
13:38:52| Created - 13:38:38: Large marble: Lucky, marbles: Maximum Purple, Emerald, Blue, Brown, Middle Green Yellow, Venetian Red, Maximum Blue
13:38:52| Created - 13:38:38: Large marble: Spinner, marbles: Silver Pink, Almond, Gold, Spanish Carmine, Candy Pink, Duke Blue, Zomp
13:38:52| Created - 13:38:38: Large marble: Sure Shot, marbles: Mango Tango, Mode Beige, Icterine, Brink Pink, Lemon Lime, Shandy, Liver Chestnut
13:38:52| Created - 13:38:39: Large marble: Lucky, marbles: Arylide Yellow, Safety Yellow, Candy Pink, Lavender Purple, Liver Chestnut, Dark Moss Green, Slate Blue
13:38:52| Created - 13:38:39: Large marble: 5-Star, marbles: Blue, Fiery Rose, Orange Soda, Pale Plum, Purple Plum, Pale Goldenrod, Spanish Pink
13:38:52| Created - 13:38:39: Large marble: Apollo, marbles: Candy Pink, Zomp, Spanish Orange, Russian Violet, Beaver, Fiery Rose, Beaver
13:38:52| Created - 13:38:40: Large marble: Sure Shot, marbles: Thulian Pink, Vegas Gold, Sage, Lavender Purple, Isabelline, Indigo, Pale Cerulean
13:38:52| Created - 13:38:40: Large marble: Sure Shot, marbles: Pastel Gray, Cotton Candy, Duke Blue, Auburn, Royal Red, Zomp, Lavender Blue
13:38:52| Created - 13:38:40: Large marble: Apollo, marbles: Mint Green, Sage, Maximum Violet, Terra Cotta, Outrageous Orange, Antique Brass, Middle Green Yellow
13:38:52| Created - 13:38:41: Large marble: Spinner, marbles: Lumber, White Smoke, Isabelline, Black Coral, Spanish Carmine, Outrageous Orange, Dark Fuchsia
13:38:52| Created - 13:38:41: Large marble: Zeus, marbles: Emerald, Pale Taupe, Middle Green, Royal Red, Almond, Thulian Pink, Maximum Blue
13:38:52| Created - 13:38:41: Large marble: Sure Shot, marbles: La Salle Green, Brown, Maximum Violet, Blue-Green, Mint Cream, Spanish Orange, Pastel Blue
13:38:52| Created - 13:38:42: Large marble: Big Joe, marbles: Mango Tango, Rose Dust, Silver Chalice, Silver Chalice, Pale Goldenrod, Bistre Brown, Isabelline
13:38:52| Created - 13:38:42: Large marble: 5-Star, marbles: Mango Tango, White Smoke, Cobalt Blue, Royal Red, Pastel Blue, Silver Chalice, Lilac Luster
13:38:52| Created - 13:38:43: Large marble: Hercules, marbles: Fiery Rose, Mint Cream, Lumber, Spanish Orange, Eerie Black, Arylide Yellow, Tuscan Brown
13:38:52| Created - 13:38:43: Large marble: Zeus, marbles: Orange Soda, Pastel Gray, Auburn, Pale Taupe, Pale Cerulean, Royal Orange, Outrageous Orange
13:38:52| Created - 13:38:43: Large marble: Sure Shot, marbles: Gold, Pale Cerulean, Outrageous Orange, Orange Soda, Mulberry, Brink Pink, Pale Taupe
13:38:52| Created - 13:38:44: Large marble: Sure Shot, marbles: Russian Violet, Pale Taupe, Rose Dust, Black Coral, Royal Orange, Candy Pink, Vegas Gold
13:38:52| Created - 13:38:44: Large marble: 5-Star, marbles: Safety Yellow, Spanish Carmine, Pale Taupe, Terra Cotta, Indigo, Indigo, Zomp
13:38:52| Created - 13:38:44: Large marble: 5-Star, marbles: Russian Green, Green, Sage, Terra Cotta, Middle Green, Gold, Lavender Purple
13:38:52| Created - 13:38:45: Large marble: Lucky, marbles: La Salle Green, Middle Red Purple, Orange Peel, Stop Red, Gold, Cotton Candy, Rose Dust
13:38:52| Created - 13:38:45: Large marble: Spinner, marbles: Green, Terra Cotta, Mode Beige, Maximum Purple, Pale Cerulean, Almond, Tuscan Brown
13:38:52| Created - 13:38:45: Large marble: Apollo, marbles: Venetian Red, Auburn, Shandy, Orange Soda, Pastel Gray, Outrageous Orange, Blue-Green
13:38:52| Created - 13:38:46: Large marble: Big Joe, marbles: Black Coral, Ruby, Fiery Rose, Cobalt Blue, Spanish Pink, Brown, Royal Blue
13:38:52| Created - 13:38:46: Large marble: Winner, marbles: Blue, Outrageous Orange, Eerie Black, Neon Silver, Lavender Blue, Cotton Candy, Venetian Red
13:38:52| Created - 13:38:46: Large marble: Spinner, marbles: Golden Yellow, Middle Green Yellow, Middle Green, Gold, Maximum Purple, Royal Orange, Orange Soda
13:38:52| Created - 13:38:47: Large marble: Big Joe, marbles: Outrageous Orange, Antique Brass, Auburn, Rose Quartz, Royal Red, Lumber, Spanish Carmine
13:38:52| Created - 13:38:47: Large marble: Spinner, marbles: Ruby, Pale Goldenrod, Candy Pink, Chinese Red, Golden Yellow, Pastel Blue, Beaver
13:38:52| Created - 13:38:48: Large marble: 5-Star, marbles: Thulian Pink, Spanish Pink, Platinum, Green, Stop Red, Venetian Red, Golden Yellow
13:38:52| Created - 13:38:48: Large marble: Hercules, marbles: Light Orchid, Safety Yellow, Icterine, Orange Soda, Pale Taupe, Orange Soda, Golden Yellow
13:38:52| Created - 13:38:48: Large marble: 5-Star, marbles: Middle Green Yellow, Light Orange, Zomp, Spanish Pink, Venetian Red, Gold, Stop Red
13:38:52| Created - 13:38:49: Large marble: Hercules, marbles: Golden Yellow, Spanish Carmine, Granny Smith Apple, Sheen Green, Brink Pink, Pale Taupe, Neon Dark Green
13:38:52| Created - 13:38:49: Large marble: Apollo, marbles: Royal Blue, Russian Violet, Dark Moss Green, Pale Taupe, Liver Chestnut, Slate Blue, Pale Plum
13:38:52| Created - 13:38:49: Large marble: Lucky, marbles: Terra Cotta, Mulberry, Russian Violet, Gold, Light Orchid, Blue, Gold
13:38:52| Created - 13:38:50: Large marble: Winner, marbles: Mint Green, Arylide Yellow, Tuscan Brown, Bistre Brown, Duke Blue, Ruby, Russian Violet
13:38:52| Created - 13:38:50: Large marble: Zeus, marbles: Silver Chalice, Emerald, Dark Fuchsia, Outrageous Orange, Royal Blue, Icterine, Neon Silver
13:38:52| Created - 13:38:50: Large marble: Lucky, marbles: Candy Pink, Honeydew, Royal Orange, Dark Fuchsia, Fiery Rose, Isabelline, Auburn
13:38:52| Created - 13:38:51: Large marble: Apollo, marbles: Icterine, Duke Blue, Royal Blue, Blue-Green, Dark Fuchsia, Duke Blue, Mint Cream
13:38:52| Created - 13:38:51: Large marble: 5-Star, marbles: Safety Yellow, Sheen Green, Rose Dust, Russian Violet, Isabelline, Maximum Blue, Stop Red
13:38:52| Created - 13:38:51: Large marble: Spinner, marbles: Blue-Green, Bistre Brown, Dark Moss Green, Almond, Pale Taupe, Mulberry, Neon Dark Green
13:38:52| Total time = 46.94892980
