01:05:32| --------------------------------------------------------------------------------
01:05:32| Primes: 0
01:05:32|  
01:05:32| --------------------------------------------------------------------------------
01:05:32| Words: 0
01:05:32|  
01:05:32| --------------------------------------------------------------------------------
01:05:32| Uppercase: 0
01:05:32|  
01:05:32| --------------------------------------------------------------------------------
01:05:32| Sums: 0
01:05:32|  
01:05:32| --------------------------------------------------------------------------------
01:05:32| Names: 0
01:05:32|  
01:05:32| Number of Primes tasks: 0
01:05:32| Number of Words tasks: 0
01:05:32| Number of Uppercase tasks: 0
01:05:32| Number of Sums tasks: 0
01:05:32| Number of Names tasks: 0
01:05:32| Total time to process 0 tasks = 0.01629040
