01:24:06| --------------------------------------------------------------------------------
01:24:06| Primes: 0
01:24:06|  
01:24:06| --------------------------------------------------------------------------------
01:24:06| Words: 0
01:24:06|  
01:24:06| --------------------------------------------------------------------------------
01:24:06| Uppercase: 0
01:24:06|  
01:24:06| --------------------------------------------------------------------------------
01:24:06| Sums: 0
01:24:06|  
01:24:06| --------------------------------------------------------------------------------
01:24:06| Names: 0
01:24:06|  
01:24:06| Number of Primes tasks: 0
01:24:06| Number of Words tasks: 0
01:24:06| Number of Uppercase tasks: 0
01:24:06| Number of Sums tasks: 0
01:24:06| Number of Names tasks: 0
01:24:06| Total time to process 0 tasks = 0.01263600
