00:51:43| --------------------------------------------------------------------------------
00:51:43| Primes: 0
00:51:43|  
00:51:43| --------------------------------------------------------------------------------
00:51:43| Words: 0
00:51:43|  
00:51:43| --------------------------------------------------------------------------------
00:51:43| Uppercase: 0
00:51:43|  
00:51:43| --------------------------------------------------------------------------------
00:51:43| Sums: 0
00:51:43|  
00:51:43| --------------------------------------------------------------------------------
00:51:43| Names: 0
00:51:43|  
00:51:43| Number of Primes tasks: 0
00:51:43| Number of Words tasks: 0
00:51:43| Number of Uppercase tasks: 0
00:51:43| Number of Sums tasks: 0
00:51:43| Number of Names tasks: 0
00:51:43| Total time to process 0 tasks = 0.00694930
