01:29:25| --------------------------------------------------------------------------------
01:29:25| Primes: 0
01:29:25|  
01:29:25| --------------------------------------------------------------------------------
01:29:25| Words: 0
01:29:25|  
01:29:25| --------------------------------------------------------------------------------
01:29:25| Uppercase: 0
01:29:25|  
01:29:25| --------------------------------------------------------------------------------
01:29:25| Sums: 0
01:29:25|  
01:29:25| --------------------------------------------------------------------------------
01:29:25| Names: 0
01:29:25|  
01:29:25| Number of Primes tasks: 0
01:29:25| Number of Words tasks: 0
01:29:25| Number of Uppercase tasks: 0
01:29:25| Number of Sums tasks: 0
01:29:25| Number of Names tasks: 0
01:29:25| Total time to process 0 tasks = 0.01147880
