01:18:25| --------------------------------------------------------------------------------
01:18:25| Primes: 1
01:18:25| 9,638,760,730,083 is not prime
01:18:25|  
01:18:25| --------------------------------------------------------------------------------
01:18:25| Words: 1
01:18:25| amusement Found
01:18:25|  
01:18:25| --------------------------------------------------------------------------------
01:18:25| Uppercase: 1
01:18:25| inject ==> INJECT
01:18:25|  
01:18:25| --------------------------------------------------------------------------------
01:18:25| Sums: 1
01:18:25| sum of 424 to 424 = 424
01:18:25|  
01:18:25| --------------------------------------------------------------------------------
01:18:25| Names: 0
01:18:25|  
01:18:25| Number of Primes tasks: 1
01:18:25| Number of Words tasks: 1
01:18:25| Number of Uppercase tasks: 1
01:18:25| Number of Sums tasks: 1
01:18:25| Number of Names tasks: 0
01:18:25| Total time to process 5 tasks = 0.12533660
