01:19:04| --------------------------------------------------------------------------------
01:19:04| Primes: 1
01:19:04| 9,638,760,730,083 is not prime
01:19:04|  
01:19:04| --------------------------------------------------------------------------------
01:19:04| Words: 1
01:19:04| amusement Found
01:19:04|  
01:19:04| --------------------------------------------------------------------------------
01:19:04| Uppercase: 1
01:19:04| inject ==> INJECT
01:19:04|  
01:19:04| --------------------------------------------------------------------------------
01:19:04| Sums: 1
01:19:04| sum of 424 to 694,818 = 241,385,589,477
01:19:04|  
01:19:04| --------------------------------------------------------------------------------
01:19:04| Names: 0
01:19:04|  
01:19:04| Number of Primes tasks: 1
01:19:04| Number of Words tasks: 1
01:19:04| Number of Uppercase tasks: 1
01:19:04| Number of Sums tasks: 1
01:19:04| Number of Names tasks: 0
01:19:04| Total time to process 5 tasks = 0.12286380
