00:51:53| --------------------------------------------------------------------------------
00:51:53| Primes: 0
00:51:53|  
00:51:53| --------------------------------------------------------------------------------
00:51:53| Words: 0
00:51:53|  
00:51:53| --------------------------------------------------------------------------------
00:51:53| Uppercase: 0
00:51:53|  
00:51:53| --------------------------------------------------------------------------------
00:51:53| Sums: 0
00:51:53|  
00:51:53| --------------------------------------------------------------------------------
00:51:53| Names: 0
00:51:53|  
00:51:53| Number of Primes tasks: 0
00:51:53| Number of Words tasks: 0
00:51:53| Number of Uppercase tasks: 0
00:51:53| Number of Sums tasks: 0
00:51:53| Number of Names tasks: 0
00:51:53| Total time to process 5 tasks = 0.04516640
