01:01:29| --------------------------------------------------------------------------------
01:01:29| Primes: 1
01:01:29| 9638760730083 is not prime
01:01:29|  
01:01:29| --------------------------------------------------------------------------------
01:01:29| Words: 0
01:01:29|  
01:01:29| --------------------------------------------------------------------------------
01:01:29| Uppercase: 0
01:01:29|  
01:01:29| --------------------------------------------------------------------------------
01:01:29| Sums: 0
01:01:29|  
01:01:29| --------------------------------------------------------------------------------
01:01:29| Names: 0
01:01:29|  
01:01:29| Number of Primes tasks: 1
01:01:29| Number of Words tasks: 0
01:01:29| Number of Uppercase tasks: 0
01:01:29| Number of Sums tasks: 0
01:01:29| Number of Names tasks: 0
01:01:29| Total time to process 5 tasks = 0.02281000
