01:29:54| --------------------------------------------------------------------------------
01:29:54| Primes: 1
01:29:54| 9,638,760,730,083 is not prime
01:29:54|  
01:29:54| --------------------------------------------------------------------------------
01:29:54| Words: 1
01:29:54| amusement Found
01:29:54|  
01:29:54| --------------------------------------------------------------------------------
01:29:54| Uppercase: 1
01:29:54| inject ==> INJECT
01:29:54|  
01:29:54| --------------------------------------------------------------------------------
01:29:54| Sums: 1
01:29:54| sum of 424 to 694,818 = 241,386,284,295
01:29:54|  
01:29:54| --------------------------------------------------------------------------------
01:29:54| Names: 1
01:29:54| http://127.0.0.1:8790/people/2/ has name C-3PO
01:29:54|  
01:29:54| Number of Primes tasks: 1
01:29:54| Number of Words tasks: 1
01:29:54| Number of Uppercase tasks: 1
01:29:54| Number of Sums tasks: 1
01:29:54| Number of Names tasks: 1
01:29:54| Total time to process 5 tasks = 1.18703920
