01:08:51| --------------------------------------------------------------------------------
01:08:51| Primes: 1
01:08:51| 9638760730083 is not prime
01:08:51|  
01:08:51| --------------------------------------------------------------------------------
01:08:51| Words: 1
01:08:51| amusement Found
01:08:51|  
01:08:51| --------------------------------------------------------------------------------
01:08:51| Uppercase: 0
01:08:51|  
01:08:51| --------------------------------------------------------------------------------
01:08:51| Sums: 0
01:08:51|  
01:08:51| --------------------------------------------------------------------------------
01:08:51| Names: 0
01:08:51|  
01:08:51| Number of Primes tasks: 1
01:08:51| Number of Words tasks: 1
01:08:51| Number of Uppercase tasks: 0
01:08:51| Number of Sums tasks: 0
01:08:51| Number of Names tasks: 0
01:08:51| Total time to process 5 tasks = 0.11798020
