01:16:38| --------------------------------------------------------------------------------
01:16:38| Primes: 1
01:16:38| 9638760730083 is not prime
01:16:38|  
01:16:38| --------------------------------------------------------------------------------
01:16:38| Words: 1
01:16:38| amusement Found
01:16:38|  
01:16:38| --------------------------------------------------------------------------------
01:16:38| Uppercase: 1
01:16:38| inject ==> INJECT
01:16:38|  
01:16:38| --------------------------------------------------------------------------------
01:16:38| Sums: 1
01:16:38| sum of 424 to 694818 = 241,385,589,477
01:16:38|  
01:16:38| --------------------------------------------------------------------------------
01:16:38| Names: 0
01:16:38|  
01:16:38| Number of Primes tasks: 1
01:16:38| Number of Words tasks: 1
01:16:38| Number of Uppercase tasks: 1
01:16:38| Number of Sums tasks: 1
01:16:38| Number of Names tasks: 0
01:16:38| Total time to process 5 tasks = 0.16213650
