01:11:28| --------------------------------------------------------------------------------
01:11:28| Primes: 1
01:11:28| 9638760730083 is not prime
01:11:28|  
01:11:28| --------------------------------------------------------------------------------
01:11:28| Words: 1
01:11:28| amusement Found
01:11:28|  
01:11:28| --------------------------------------------------------------------------------
01:11:28| Uppercase: 1
01:11:28| inject ==> INJECT
01:11:28|  
01:11:28| --------------------------------------------------------------------------------
01:11:28| Sums: 0
01:11:28|  
01:11:28| --------------------------------------------------------------------------------
01:11:28| Names: 0
01:11:28|  
01:11:28| Number of Primes tasks: 1
01:11:28| Number of Words tasks: 1
01:11:28| Number of Uppercase tasks: 1
01:11:28| Number of Sums tasks: 0
01:11:28| Number of Names tasks: 0
01:11:28| Total time to process 5 tasks = 0.08000700
