01:19:41| --------------------------------------------------------------------------------
01:19:41| Primes: 1
01:19:41| 9,638,760,730,083 is not prime
01:19:41|  
01:19:41| --------------------------------------------------------------------------------
01:19:41| Words: 1
01:19:41| amusement Found
01:19:41|  
01:19:41| --------------------------------------------------------------------------------
01:19:41| Uppercase: 1
01:19:41| inject ==> INJECT
01:19:41|  
01:19:41| --------------------------------------------------------------------------------
01:19:41| Sums: 1
01:19:41| sum of 424 to 694,818 = 241,386,284,295
01:19:41|  
01:19:41| --------------------------------------------------------------------------------
01:19:41| Names: 0
01:19:41|  
01:19:41| Number of Primes tasks: 1
01:19:41| Number of Words tasks: 1
01:19:41| Number of Uppercase tasks: 1
01:19:41| Number of Sums tasks: 1
01:19:41| Number of Names tasks: 0
01:19:41| Total time to process 5 tasks = 0.13209570
