01:09:21| --------------------------------------------------------------------------------
01:09:21| Primes: 1
01:09:21| 9638760730083 is not prime
01:09:21|  
01:09:21| --------------------------------------------------------------------------------
01:09:21| Words: 1
01:09:21| amusement Found
01:09:21|  
01:09:21| --------------------------------------------------------------------------------
01:09:21| Uppercase: 0
01:09:21|  
01:09:21| --------------------------------------------------------------------------------
01:09:21| Sums: 0
01:09:21|  
01:09:21| --------------------------------------------------------------------------------
01:09:21| Names: 0
01:09:21|  
01:09:21| Number of Primes tasks: 1
01:09:21| Number of Words tasks: 1
01:09:21| Number of Uppercase tasks: 0
01:09:21| Number of Sums tasks: 0
01:09:21| Number of Names tasks: 0
01:09:21| Total time to process 5 tasks = 0.09111970
