01:16:16| --------------------------------------------------------------------------------
01:16:16| Primes: 1
01:16:16| 9638760730083 is not prime
01:16:16|  
01:16:16| --------------------------------------------------------------------------------
01:16:16| Words: 1
01:16:16| amusement Found
01:16:16|  
01:16:16| --------------------------------------------------------------------------------
01:16:16| Uppercase: 1
01:16:16| inject ==> INJECT
01:16:16|  
01:16:16| --------------------------------------------------------------------------------
01:16:16| Sums: 1
01:16:16| sum of 424 to 694818 = 241385589477
01:16:16|  
01:16:16| --------------------------------------------------------------------------------
01:16:16| Names: 0
01:16:16|  
01:16:16| Number of Primes tasks: 1
01:16:16| Number of Words tasks: 1
01:16:16| Number of Uppercase tasks: 1
01:16:16| Number of Sums tasks: 1
01:16:16| Number of Names tasks: 0
01:16:16| Total time to process 5 tasks = 0.13439350
