01:08:24| --------------------------------------------------------------------------------
01:08:24| Primes: 1
01:08:24| 9638760730083 is not prime
01:08:24|  
01:08:24| --------------------------------------------------------------------------------
01:08:24| Words: 1
01:08:24| amusement Found
01:08:24|  
01:08:24| --------------------------------------------------------------------------------
01:08:24| Uppercase: 0
01:08:24|  
01:08:24| --------------------------------------------------------------------------------
01:08:24| Sums: 0
01:08:24|  
01:08:24| --------------------------------------------------------------------------------
01:08:24| Names: 0
01:08:24|  
01:08:24| Number of Primes tasks: 1
01:08:24| Number of Words tasks: 1
01:08:24| Number of Uppercase tasks: 0
01:08:24| Number of Sums tasks: 0
01:08:24| Number of Names tasks: 0
01:08:24| Total time to process 5 tasks = 0.09676600
