01:14:17| --------------------------------------------------------------------------------
01:14:17| Primes: 1
01:14:17| 9638760730083 is not prime
01:14:17|  
01:14:17| --------------------------------------------------------------------------------
01:14:17| Words: 1
01:14:17| amusement Found
01:14:17|  
01:14:17| --------------------------------------------------------------------------------
01:14:17| Uppercase: 1
01:14:17| inject ==> INJECT
01:14:17|  
01:14:17| --------------------------------------------------------------------------------
01:14:17| Sums: 1
01:14:17| sum of 424 to 694818 = 241385589477
01:14:17|  
01:14:17| --------------------------------------------------------------------------------
01:14:17| Names: 0
01:14:17|  
01:14:17| Number of Primes tasks: 1
01:14:17| Number of Words tasks: 1
01:14:17| Number of Uppercase tasks: 1
01:14:17| Number of Sums tasks: 1
01:14:17| Number of Names tasks: 0
01:14:17| Total time to process 5 tasks = 0.13270660
