01:25:08| --------------------------------------------------------------------------------
01:25:08| Primes: 1
01:25:08| 9,638,760,730,083 is not prime
01:25:08|  
01:25:08| --------------------------------------------------------------------------------
01:25:08| Words: 1
01:25:08| amusement Found
01:25:08|  
01:25:08| --------------------------------------------------------------------------------
01:25:08| Uppercase: 1
01:25:08| inject ==> INJECT
01:25:08|  
01:25:08| --------------------------------------------------------------------------------
01:25:08| Sums: 1
01:25:08| sum of 424 to 694,818 = 241,386,284,295
01:25:08|  
01:25:08| --------------------------------------------------------------------------------
01:25:08| Names: 1
01:25:08| C-3PO
01:25:08|  
01:25:08| Number of Primes tasks: 1
01:25:08| Number of Words tasks: 1
01:25:08| Number of Uppercase tasks: 1
01:25:08| Number of Sums tasks: 1
01:25:08| Number of Names tasks: 1
01:25:08| Total time to process 5 tasks = 1.19794820
