20:02:29| --------------------------------------------------------------------------------
20:02:29| Primes: 0
20:02:29|  
20:02:29| --------------------------------------------------------------------------------
20:02:29| Words: 0
20:02:29|  
20:02:29| --------------------------------------------------------------------------------
20:02:29| Uppercase: 0
20:02:29|  
20:02:29| --------------------------------------------------------------------------------
20:02:29| Sums: 0
20:02:29|  
20:02:29| --------------------------------------------------------------------------------
20:02:29| Names: 0
20:02:29|  
20:02:29| Number of Primes tasks: 0
20:02:29| Number of Words tasks: 0
20:02:29| Number of Uppercase tasks: 0
20:02:29| Number of Sums tasks: 0
20:02:29| Number of Names tasks: 0
20:02:29| Total time to process 5 tasks = 2.68905580
