20:27:56| --------------------------------------------------------------------------------
20:27:56| Primes: 0
20:27:56|  
20:27:56| --------------------------------------------------------------------------------
20:27:56| Words: 0
20:27:56|  
20:27:56| --------------------------------------------------------------------------------
20:27:56| Uppercase: 0
20:27:56|  
20:27:56| --------------------------------------------------------------------------------
20:27:56| Sums: 0
20:27:56|  
20:27:56| --------------------------------------------------------------------------------
20:27:56| Names: 0
20:27:56|  
20:27:56| Number of Primes tasks: 0
20:27:56| Number of Words tasks: 0
20:27:56| Number of Uppercase tasks: 0
20:27:56| Number of Sums tasks: 0
20:27:56| Number of Names tasks: 0
20:27:56| Total time to process 5 tasks = 2.78656700
