20:12:50| --------------------------------------------------------------------------------
20:12:50| Primes: 0
20:12:50|  
20:12:50| --------------------------------------------------------------------------------
20:12:50| Words: 0
20:12:50|  
20:12:50| --------------------------------------------------------------------------------
20:12:50| Uppercase: 0
20:12:50|  
20:12:50| --------------------------------------------------------------------------------
20:12:50| Sums: 0
20:12:50|  
20:12:50| --------------------------------------------------------------------------------
20:12:50| Names: 0
20:12:50|  
20:12:50| Number of Primes tasks: 0
20:12:50| Number of Words tasks: 0
20:12:50| Number of Uppercase tasks: 0
20:12:50| Number of Sums tasks: 0
20:12:50| Number of Names tasks: 0
20:12:50| Total time to process 5 tasks = 2.70946430
