20:12:34| --------------------------------------------------------------------------------
20:12:34| Primes: 0
20:12:34|  
20:12:34| --------------------------------------------------------------------------------
20:12:34| Words: 0
20:12:34|  
20:12:34| --------------------------------------------------------------------------------
20:12:34| Uppercase: 0
20:12:34|  
20:12:34| --------------------------------------------------------------------------------
20:12:34| Sums: 0
20:12:34|  
20:12:34| --------------------------------------------------------------------------------
20:12:34| Names: 0
20:12:34|  
20:12:34| Number of Primes tasks: 0
20:12:34| Number of Words tasks: 0
20:12:34| Number of Uppercase tasks: 0
20:12:34| Number of Sums tasks: 0
20:12:34| Number of Names tasks: 0
20:12:34| Total time to process 5 tasks = 2.75294830
