20:35:41| --------------------------------------------------------------------------------
20:35:41| Primes: 1
20:35:41| 9,638,760,730,083 is not prime
20:35:41|  
20:35:41| --------------------------------------------------------------------------------
20:35:41| Words: 1
20:35:41| amusement Found
20:35:41|  
20:35:41| --------------------------------------------------------------------------------
20:35:41| Uppercase: 1
20:35:41| inject ==> INJECT
20:35:41|  
20:35:41| --------------------------------------------------------------------------------
20:35:41| Sums: 1
20:35:41| sum of 424 to 694,818 = 241,386,284,295
20:35:41|  
20:35:41| --------------------------------------------------------------------------------
20:35:41| Names: 1
20:35:41| http://127.0.0.1:8790/people/2/ has name C-3PO
20:35:41|  
20:35:41| Number of Primes tasks: 1
20:35:41| Number of Words tasks: 1
20:35:41| Number of Uppercase tasks: 1
20:35:41| Number of Sums tasks: 1
20:35:41| Number of Names tasks: 1
20:35:41| Total time to process 5 tasks = 3.94935300
