20:42:44| --------------------------------------------------------------------------------
20:42:44| Primes: 1
20:42:44| 9,638,760,730,083 is not prime
20:42:44|  
20:42:44| --------------------------------------------------------------------------------
20:42:44| Words: 1
20:42:44| amusement Found
20:42:44|  
20:42:44| --------------------------------------------------------------------------------
20:42:44| Uppercase: 1
20:42:44| inject ==> INJECT
20:42:44|  
20:42:44| --------------------------------------------------------------------------------
20:42:44| Sums: 1
20:42:44| sum of 424 to 694,818 = 241,386,284,295
20:42:44|  
20:42:44| --------------------------------------------------------------------------------
20:42:44| Names: 1
20:42:44| http://127.0.0.1:8790/people/2/ has name C-3PO
20:42:44|  
20:42:44| Number of Primes tasks: 1
20:42:44| Number of Words tasks: 1
20:42:44| Number of Uppercase tasks: 1
20:42:44| Number of Sums tasks: 1
20:42:44| Number of Names tasks: 1
20:42:44| Total time to process 5 tasks = 11.28736290
