20:39:54| --------------------------------------------------------------------------------
20:39:54| Primes: 1
20:39:54| 9,638,760,730,083 is not prime
20:39:54|  
20:39:54| --------------------------------------------------------------------------------
20:39:54| Words: 1
20:39:54| amusement Found
20:39:54|  
20:39:54| --------------------------------------------------------------------------------
20:39:54| Uppercase: 1
20:39:54| inject ==> INJECT
20:39:54|  
20:39:54| --------------------------------------------------------------------------------
20:39:54| Sums: 1
20:39:54| sum of 424 to 694,818 = 241,386,284,295
20:39:54|  
20:39:54| --------------------------------------------------------------------------------
20:39:54| Names: 1
20:39:54| http://127.0.0.1:8790/people/2/ has name C-3PO
20:39:54|  
20:39:54| Number of Primes tasks: 1
20:39:54| Number of Words tasks: 1
20:39:54| Number of Uppercase tasks: 1
20:39:54| Number of Sums tasks: 1
20:39:54| Number of Names tasks: 1
20:39:54| Total time to process 5 tasks = 8.45195570
