19:57:41| --------------------------------------------------------------------------------
19:57:41| Primes: 0
19:57:41|  
19:57:41| --------------------------------------------------------------------------------
19:57:41| Words: 0
19:57:41|  
19:57:41| --------------------------------------------------------------------------------
19:57:41| Uppercase: 0
19:57:41|  
19:57:41| --------------------------------------------------------------------------------
19:57:41| Sums: 0
19:57:41|  
19:57:41| --------------------------------------------------------------------------------
19:57:41| Names: 0
19:57:41|  
19:57:41| Number of Primes tasks: 0
19:57:41| Number of Words tasks: 0
19:57:41| Number of Uppercase tasks: 0
19:57:41| Number of Sums tasks: 0
19:57:41| Number of Names tasks: 0
19:57:41| Total time to process 5 tasks = 3.65977680
