20:06:36| --------------------------------------------------------------------------------
20:06:36| Primes: 1
20:06:36| 9,638,760,730,083 is not prime
20:06:36|  
20:06:36| --------------------------------------------------------------------------------
20:06:36| Words: 1
20:06:36| amusement Found
20:06:36|  
20:06:36| --------------------------------------------------------------------------------
20:06:36| Uppercase: 1
20:06:36| inject ==> INJECT
20:06:36|  
20:06:36| --------------------------------------------------------------------------------
20:06:36| Sums: 1
20:06:36| sum of 424 to 694,818 = 241,386,284,295
20:06:36|  
20:06:36| --------------------------------------------------------------------------------
20:06:36| Names: 1
20:06:36| http://127.0.0.1:8790/people/2/ has name C-3PO
20:06:36|  
20:06:36| Number of Primes tasks: 1
20:06:36| Number of Words tasks: 1
20:06:36| Number of Uppercase tasks: 1
20:06:36| Number of Sums tasks: 1
20:06:36| Number of Names tasks: 1
20:06:36| Total time to process 5 tasks = 3.63555290
