20:00:30| --------------------------------------------------------------------------------
20:00:30| Primes: 1
20:00:30| 9,638,760,730,083 is not prime
20:00:30|  
20:00:30| --------------------------------------------------------------------------------
20:00:30| Words: 1
20:00:30| amusement Found
20:00:30|  
20:00:30| --------------------------------------------------------------------------------
20:00:30| Uppercase: 1
20:00:30| inject ==> INJECT
20:00:30|  
20:00:30| --------------------------------------------------------------------------------
20:00:30| Sums: 1
20:00:30| sum of 424 to 694,818 = 241,386,284,295
20:00:30|  
20:00:30| --------------------------------------------------------------------------------
20:00:30| Names: 1
20:00:30| http://127.0.0.1:8790/people/2/ has name C-3PO
20:00:30|  
20:00:30| Number of Primes tasks: 1
20:00:30| Number of Words tasks: 1
20:00:30| Number of Uppercase tasks: 1
20:00:30| Number of Sums tasks: 1
20:00:30| Number of Names tasks: 1
20:00:30| Total time to process 5 tasks = 3.42482290
