20:14:05| --------------------------------------------------------------------------------
20:14:05| Primes: 1
20:14:05| 9,638,760,730,083 is not prime
20:14:05|  
20:14:05| --------------------------------------------------------------------------------
20:14:05| Words: 1
20:14:05| amusement Found
20:14:05|  
20:14:05| --------------------------------------------------------------------------------
20:14:05| Uppercase: 1
20:14:05| inject ==> INJECT
20:14:05|  
20:14:05| --------------------------------------------------------------------------------
20:14:05| Sums: 1
20:14:05| sum of 424 to 694,818 = 241,386,284,295
20:14:05|  
20:14:05| --------------------------------------------------------------------------------
20:14:05| Names: 1
20:14:05| http://127.0.0.1:8790/people/2/ has name C-3PO
20:14:05|  
20:14:05| Number of Primes tasks: 1
20:14:05| Number of Words tasks: 1
20:14:05| Number of Uppercase tasks: 1
20:14:05| Number of Sums tasks: 1
20:14:05| Number of Names tasks: 1
20:14:05| Total time to process 5 tasks = 3.42501840
