20:17:37| --------------------------------------------------------------------------------
20:17:37| Primes: 0
20:17:37|  
20:17:37| --------------------------------------------------------------------------------
20:17:37| Words: 0
20:17:37|  
20:17:37| --------------------------------------------------------------------------------
20:17:37| Uppercase: 0
20:17:37|  
20:17:37| --------------------------------------------------------------------------------
20:17:37| Sums: 0
20:17:37|  
20:17:37| --------------------------------------------------------------------------------
20:17:37| Names: 0
20:17:37|  
20:17:37| Number of Primes tasks: 0
20:17:37| Number of Words tasks: 0
20:17:37| Number of Uppercase tasks: 0
20:17:37| Number of Sums tasks: 0
20:17:37| Number of Names tasks: 0
20:17:37| Total time to process 5 tasks = 2.67977620
