19:55:52| --------------------------------------------------------------------------------
19:55:52| Primes: 0
19:55:52|  
19:55:52| --------------------------------------------------------------------------------
19:55:52| Words: 0
19:55:52|  
19:55:52| --------------------------------------------------------------------------------
19:55:52| Uppercase: 0
19:55:52|  
19:55:52| --------------------------------------------------------------------------------
19:55:52| Sums: 0
19:55:52|  
19:55:52| --------------------------------------------------------------------------------
19:55:52| Names: 0
19:55:52|  
19:55:52| Number of Primes tasks: 0
19:55:52| Number of Words tasks: 0
19:55:52| Number of Uppercase tasks: 0
19:55:52| Number of Sums tasks: 0
19:55:52| Number of Names tasks: 0
19:55:52| Total time to process 5 tasks = 2.77288520
