20:42:18| --------------------------------------------------------------------------------
20:42:18| Primes: 1
20:42:18| 9,638,760,730,083 is not prime
20:42:18|  
20:42:18| --------------------------------------------------------------------------------
20:42:18| Words: 1
20:42:18| amusement Found
20:42:18|  
20:42:18| --------------------------------------------------------------------------------
20:42:18| Uppercase: 1
20:42:18| inject ==> INJECT
20:42:18|  
20:42:18| --------------------------------------------------------------------------------
20:42:18| Sums: 1
20:42:18| sum of 424 to 694,818 = 241,386,284,295
20:42:18|  
20:42:18| --------------------------------------------------------------------------------
20:42:18| Names: 1
20:42:18| http://127.0.0.1:8790/people/2/ has name C-3PO
20:42:18|  
20:42:18| Number of Primes tasks: 1
20:42:18| Number of Words tasks: 1
20:42:18| Number of Uppercase tasks: 1
20:42:18| Number of Sums tasks: 1
20:42:18| Number of Names tasks: 1
20:42:18| Total time to process 5 tasks = 12.32555550
