20:27:43| --------------------------------------------------------------------------------
20:27:43| Primes: 1
20:27:43| 9,638,760,730,083 is not prime
20:27:43|  
20:27:43| --------------------------------------------------------------------------------
20:27:43| Words: 1
20:27:43| amusement Found
20:27:43|  
20:27:43| --------------------------------------------------------------------------------
20:27:43| Uppercase: 1
20:27:43| inject ==> INJECT
20:27:43|  
20:27:43| --------------------------------------------------------------------------------
20:27:43| Sums: 1
20:27:43| sum of 424 to 694,818 = 241,386,284,295
20:27:43|  
20:27:43| --------------------------------------------------------------------------------
20:27:43| Names: 1
20:27:43| http://127.0.0.1:8790/people/2/ has name C-3PO
20:27:43|  
20:27:43| Number of Primes tasks: 1
20:27:43| Number of Words tasks: 1
20:27:43| Number of Uppercase tasks: 1
20:27:43| Number of Sums tasks: 1
20:27:43| Number of Names tasks: 1
20:27:43| Total time to process 5 tasks = 3.66270600
