20:26:38| --------------------------------------------------------------------------------
20:26:38| Primes: 1
20:26:38| 9,638,760,730,083 is not prime
20:26:38|  
20:26:38| --------------------------------------------------------------------------------
20:26:38| Words: 1
20:26:38| amusement Found
20:26:38|  
20:26:38| --------------------------------------------------------------------------------
20:26:38| Uppercase: 1
20:26:38| inject ==> INJECT
20:26:38|  
20:26:38| --------------------------------------------------------------------------------
20:26:38| Sums: 1
20:26:38| sum of 424 to 694,818 = 241,386,284,295
20:26:38|  
20:26:38| --------------------------------------------------------------------------------
20:26:38| Names: 1
20:26:38| http://127.0.0.1:8790/people/2/ has name C-3PO
20:26:38|  
20:26:38| Number of Primes tasks: 1
20:26:38| Number of Words tasks: 1
20:26:38| Number of Uppercase tasks: 1
20:26:38| Number of Sums tasks: 1
20:26:38| Number of Names tasks: 1
20:26:38| Total time to process 5 tasks = 3.80099930
