20:38:10| --------------------------------------------------------------------------------
20:38:10| Primes: 1
20:38:10| 9,638,760,730,083 is not prime
20:38:10|  
20:38:10| --------------------------------------------------------------------------------
20:38:10| Words: 1
20:38:10| amusement Found
20:38:10|  
20:38:10| --------------------------------------------------------------------------------
20:38:10| Uppercase: 1
20:38:10| inject ==> INJECT
20:38:10|  
20:38:10| --------------------------------------------------------------------------------
20:38:10| Sums: 1
20:38:10| sum of 424 to 694,818 = 241,386,284,295
20:38:10|  
20:38:10| --------------------------------------------------------------------------------
20:38:10| Names: 1
20:38:10| http://127.0.0.1:8790/people/2/ has name C-3PO
20:38:10|  
20:38:10| Number of Primes tasks: 1
20:38:10| Number of Words tasks: 1
20:38:10| Number of Uppercase tasks: 1
20:38:10| Number of Sums tasks: 1
20:38:10| Number of Names tasks: 1
20:38:10| Total time to process 5 tasks = 7.62610310
