20:11:43| --------------------------------------------------------------------------------
20:11:43| Primes: 0
20:11:43|  
20:11:43| --------------------------------------------------------------------------------
20:11:43| Words: 0
20:11:43|  
20:11:43| --------------------------------------------------------------------------------
20:11:43| Uppercase: 0
20:11:43|  
20:11:43| --------------------------------------------------------------------------------
20:11:43| Sums: 0
20:11:43|  
20:11:43| --------------------------------------------------------------------------------
20:11:43| Names: 0
20:11:43|  
20:11:43| Number of Primes tasks: 0
20:11:43| Number of Words tasks: 0
20:11:43| Number of Uppercase tasks: 0
20:11:43| Number of Sums tasks: 0
20:11:43| Number of Names tasks: 0
20:11:43| Total time to process 5 tasks = 2.73870980
