20:25:48| --------------------------------------------------------------------------------
20:25:48| Primes: 1
20:25:48| 9,638,760,730,083 is not prime
20:25:48|  
20:25:48| --------------------------------------------------------------------------------
20:25:48| Words: 1
20:25:48| amusement Found
20:25:48|  
20:25:48| --------------------------------------------------------------------------------
20:25:48| Uppercase: 1
20:25:48| inject ==> INJECT
20:25:48|  
20:25:48| --------------------------------------------------------------------------------
20:25:48| Sums: 1
20:25:48| sum of 424 to 694,818 = 241,386,284,295
20:25:48|  
20:25:48| --------------------------------------------------------------------------------
20:25:48| Names: 1
20:25:48| http://127.0.0.1:8790/people/2/ has name C-3PO
20:25:48|  
20:25:48| Number of Primes tasks: 1
20:25:48| Number of Words tasks: 1
20:25:48| Number of Uppercase tasks: 1
20:25:48| Number of Sums tasks: 1
20:25:48| Number of Names tasks: 1
20:25:48| Total time to process 5 tasks = 3.74526420
