20:11:58| --------------------------------------------------------------------------------
20:11:58| Primes: 0
20:11:58|  
20:11:58| --------------------------------------------------------------------------------
20:11:58| Words: 0
20:11:58|  
20:11:58| --------------------------------------------------------------------------------
20:11:58| Uppercase: 0
20:11:58|  
20:11:58| --------------------------------------------------------------------------------
20:11:58| Sums: 0
20:11:58|  
20:11:58| --------------------------------------------------------------------------------
20:11:58| Names: 0
20:11:58|  
20:11:58| Number of Primes tasks: 0
20:11:58| Number of Words tasks: 0
20:11:58| Number of Uppercase tasks: 0
20:11:58| Number of Sums tasks: 0
20:11:58| Number of Names tasks: 0
20:11:58| Total time to process 5 tasks = 2.69678890
