19:29:10|  
19:29:10|  
19:29:10|  
19:29:10|  
19:29:11|  
19:29:11| --------------------------------------------------------------------------------
19:29:11| Primes: 0
19:29:11|  
19:29:11| --------------------------------------------------------------------------------
19:29:11| Words: 0
19:29:11|  
19:29:11| --------------------------------------------------------------------------------
19:29:11| Uppercase: 0
19:29:11|  
19:29:11| --------------------------------------------------------------------------------
19:29:11| Sums: 0
19:29:11|  
19:29:11| --------------------------------------------------------------------------------
19:29:11| Names: 0
19:29:11|  
19:29:11| Number of Primes tasks: 0
19:29:11| Number of Words tasks: 0
19:29:11| Number of Uppercase tasks: 0
19:29:11| Number of Sums tasks: 0
19:29:11| Number of Names tasks: 0
19:29:11| Total time to process 5 tasks = 2.79638740
