20:08:23| --------------------------------------------------------------------------------
20:08:23| Primes: 0
20:08:23|  
20:08:23| --------------------------------------------------------------------------------
20:08:23| Words: 0
20:08:23|  
20:08:23| --------------------------------------------------------------------------------
20:08:23| Uppercase: 0
20:08:23|  
20:08:23| --------------------------------------------------------------------------------
20:08:23| Sums: 0
20:08:23|  
20:08:23| --------------------------------------------------------------------------------
20:08:23| Names: 0
20:08:23|  
20:08:23| Number of Primes tasks: 0
20:08:23| Number of Words tasks: 0
20:08:23| Number of Uppercase tasks: 0
20:08:23| Number of Sums tasks: 0
20:08:23| Number of Names tasks: 0
20:08:23| Total time to process 5 tasks = 2.78813410
