20:12:09| --------------------------------------------------------------------------------
20:12:09| Primes: 0
20:12:09|  
20:12:09| --------------------------------------------------------------------------------
20:12:09| Words: 0
20:12:09|  
20:12:09| --------------------------------------------------------------------------------
20:12:09| Uppercase: 0
20:12:09|  
20:12:09| --------------------------------------------------------------------------------
20:12:09| Sums: 0
20:12:09|  
20:12:09| --------------------------------------------------------------------------------
20:12:09| Names: 0
20:12:09|  
20:12:09| Number of Primes tasks: 0
20:12:09| Number of Words tasks: 0
20:12:09| Number of Uppercase tasks: 0
20:12:09| Number of Sums tasks: 0
20:12:09| Number of Names tasks: 0
20:12:09| Total time to process 5 tasks = 2.66042820
