20:15:55| --------------------------------------------------------------------------------
20:15:55| Primes: 1
20:15:55| 9,638,760,730,083 is not prime
20:15:55|  
20:15:55| --------------------------------------------------------------------------------
20:15:55| Words: 1
20:15:55| amusement Found
20:15:55|  
20:15:55| --------------------------------------------------------------------------------
20:15:55| Uppercase: 1
20:15:55| inject ==> INJECT
20:15:55|  
20:15:55| --------------------------------------------------------------------------------
20:15:55| Sums: 1
20:15:55| sum of 424 to 694,818 = 241,386,284,295
20:15:55|  
20:15:55| --------------------------------------------------------------------------------
20:15:55| Names: 1
20:15:55| http://127.0.0.1:8790/people/2/ has name C-3PO
20:15:55|  
20:15:55| Number of Primes tasks: 1
20:15:55| Number of Words tasks: 1
20:15:55| Number of Uppercase tasks: 1
20:15:55| Number of Sums tasks: 1
20:15:55| Number of Names tasks: 1
20:15:55| Total time to process 5 tasks = 3.47353450
