20:05:37| --------------------------------------------------------------------------------
20:05:37| Primes: 1
20:05:37| 9,638,760,730,083 is not prime
20:05:37|  
20:05:37| --------------------------------------------------------------------------------
20:05:37| Words: 1
20:05:37| amusement Found
20:05:37|  
20:05:37| --------------------------------------------------------------------------------
20:05:37| Uppercase: 1
20:05:37| inject ==> INJECT
20:05:37|  
20:05:37| --------------------------------------------------------------------------------
20:05:37| Sums: 1
20:05:37| sum of 424 to 694,818 = 241,386,284,295
20:05:37|  
20:05:37| --------------------------------------------------------------------------------
20:05:37| Names: 1
20:05:37| http://127.0.0.1:8790/people/2/ has name C-3PO
20:05:37|  
20:05:37| Number of Primes tasks: 1
20:05:37| Number of Words tasks: 1
20:05:37| Number of Uppercase tasks: 1
20:05:37| Number of Sums tasks: 1
20:05:37| Number of Names tasks: 1
20:05:37| Total time to process 5 tasks = 3.56035600
