20:15:26| --------------------------------------------------------------------------------
20:15:26| Primes: 0
20:15:26|  
20:15:26| --------------------------------------------------------------------------------
20:15:26| Words: 0
20:15:26|  
20:15:26| --------------------------------------------------------------------------------
20:15:26| Uppercase: 0
20:15:26|  
20:15:26| --------------------------------------------------------------------------------
20:15:26| Sums: 0
20:15:26|  
20:15:26| --------------------------------------------------------------------------------
20:15:26| Names: 0
20:15:26|  
20:15:26| Number of Primes tasks: 0
20:15:26| Number of Words tasks: 0
20:15:26| Number of Uppercase tasks: 0
20:15:26| Number of Sums tasks: 0
20:15:26| Number of Names tasks: 0
20:15:26| Total time to process 5 tasks = 2.90152870
