20:12:22| --------------------------------------------------------------------------------
20:12:22| Primes: 0
20:12:22|  
20:12:22| --------------------------------------------------------------------------------
20:12:22| Words: 0
20:12:22|  
20:12:22| --------------------------------------------------------------------------------
20:12:22| Uppercase: 0
20:12:22|  
20:12:22| --------------------------------------------------------------------------------
20:12:22| Sums: 0
20:12:22|  
20:12:22| --------------------------------------------------------------------------------
20:12:22| Names: 0
20:12:22|  
20:12:22| Number of Primes tasks: 0
20:12:22| Number of Words tasks: 0
20:12:22| Number of Uppercase tasks: 0
20:12:22| Number of Sums tasks: 0
20:12:22| Number of Names tasks: 0
20:12:22| Total time to process 5 tasks = 2.67653250
