20:13:45| --------------------------------------------------------------------------------
20:13:45| Primes: 0
20:13:45|  
20:13:45| --------------------------------------------------------------------------------
20:13:45| Words: 0
20:13:45|  
20:13:45| --------------------------------------------------------------------------------
20:13:45| Uppercase: 0
20:13:45|  
20:13:45| --------------------------------------------------------------------------------
20:13:45| Sums: 0
20:13:45|  
20:13:45| --------------------------------------------------------------------------------
20:13:45| Names: 0
20:13:45|  
20:13:45| Number of Primes tasks: 0
20:13:45| Number of Words tasks: 0
20:13:45| Number of Uppercase tasks: 0
20:13:45| Number of Sums tasks: 0
20:13:45| Number of Names tasks: 0
20:13:45| Total time to process 5 tasks = 2.83741460
