20:26:13| --------------------------------------------------------------------------------
20:26:13| Primes: 1
20:26:13| 9,638,760,730,083 is not prime
20:26:13|  
20:26:13| --------------------------------------------------------------------------------
20:26:13| Words: 1
20:26:13| amusement Found
20:26:13|  
20:26:13| --------------------------------------------------------------------------------
20:26:13| Uppercase: 1
20:26:13| inject ==> INJECT
20:26:13|  
20:26:13| --------------------------------------------------------------------------------
20:26:13| Sums: 1
20:26:13| sum of 424 to 694,818 = 241,386,284,295
20:26:13|  
20:26:13| --------------------------------------------------------------------------------
20:26:13| Names: 1
20:26:13| http://127.0.0.1:8790/people/2/ has name C-3PO
20:26:13|  
20:26:13| Number of Primes tasks: 1
20:26:13| Number of Words tasks: 1
20:26:13| Number of Uppercase tasks: 1
20:26:13| Number of Sums tasks: 1
20:26:13| Number of Names tasks: 1
20:26:13| Total time to process 5 tasks = 3.73640200
