20:37:51| --------------------------------------------------------------------------------
20:37:51| Primes: 1
20:37:51| 9,638,760,730,083 is not prime
20:37:51|  
20:37:51| --------------------------------------------------------------------------------
20:37:51| Words: 1
20:37:51| amusement Found
20:37:51|  
20:37:51| --------------------------------------------------------------------------------
20:37:51| Uppercase: 1
20:37:51| inject ==> INJECT
20:37:51|  
20:37:51| --------------------------------------------------------------------------------
20:37:51| Sums: 1
20:37:51| sum of 424 to 694,818 = 241,386,284,295
20:37:51|  
20:37:51| --------------------------------------------------------------------------------
20:37:51| Names: 1
20:37:51| http://127.0.0.1:8790/people/2/ has name C-3PO
20:37:51|  
20:37:51| Number of Primes tasks: 1
20:37:51| Number of Words tasks: 1
20:37:51| Number of Uppercase tasks: 1
20:37:51| Number of Sums tasks: 1
20:37:51| Number of Names tasks: 1
20:37:51| Total time to process 5 tasks = 12.19664160
