20:15:19| --------------------------------------------------------------------------------
20:15:19| Primes: 0
20:15:19|  
20:15:19| --------------------------------------------------------------------------------
20:15:19| Words: 0
20:15:19|  
20:15:19| --------------------------------------------------------------------------------
20:15:19| Uppercase: 0
20:15:19|  
20:15:19| --------------------------------------------------------------------------------
20:15:19| Sums: 0
20:15:19|  
20:15:19| --------------------------------------------------------------------------------
20:15:19| Names: 0
20:15:19|  
20:15:19| Number of Primes tasks: 0
20:15:19| Number of Words tasks: 0
20:15:19| Number of Uppercase tasks: 0
20:15:19| Number of Sums tasks: 0
20:15:19| Number of Names tasks: 0
20:15:19| Total time to process 5 tasks = 2.83109230
